[0.720s] Invoking command in '/workspace/ros2_ws/src/pruebaPregunta2': PYTHONPATH=/workspace/ros2_ws/build/pruebaPregunta2/prefix_override:/usr/lib/python3/dist-packages/colcon_core/task/python/colcon_distutils_commands:/workspace/ros2_ws/install/pruebaPregunta2/lib/python3.10/site-packages:${PYTHONPATH} /usr/bin/python3 -W ignore:setup.py install is deprecated -W ignore:easy_install command is deprecated setup.py egg_info --egg-base ../../build/pruebaPregunta2 build --build-base /workspace/ros2_ws/build/pruebaPregunta2/build install --record /workspace/ros2_ws/build/pruebaPregunta2/install.log --single-version-externally-managed install_data
[0.952s] running egg_info
[0.953s] creating ../../build/pruebaPregunta2/pruebaPregunta2.egg-info
[0.953s] writing ../../build/pruebaPregunta2/pruebaPregunta2.egg-info/PKG-INFO
[0.954s] writing dependency_links to ../../build/pruebaPregunta2/pruebaPregunta2.egg-info/dependency_links.txt
[0.954s] writing entry points to ../../build/pruebaPregunta2/pruebaPregunta2.egg-info/entry_points.txt
[0.954s] writing requirements to ../../build/pruebaPregunta2/pruebaPregunta2.egg-info/requires.txt
[0.954s] writing top-level names to ../../build/pruebaPregunta2/pruebaPregunta2.egg-info/top_level.txt
[0.954s] writing manifest file '../../build/pruebaPregunta2/pruebaPregunta2.egg-info/SOURCES.txt'
[0.956s] reading manifest file '../../build/pruebaPregunta2/pruebaPregunta2.egg-info/SOURCES.txt'
[0.956s] adding license file 'LICENSE'
[0.956s] writing manifest file '../../build/pruebaPregunta2/pruebaPregunta2.egg-info/SOURCES.txt'
[0.957s] running build
[0.957s] running build_py
[0.957s] creating /workspace/ros2_ws/build/pruebaPregunta2/build
[0.957s] creating /workspace/ros2_ws/build/pruebaPregunta2/build/lib
[0.957s] creating /workspace/ros2_ws/build/pruebaPregunta2/build/lib/pruebaPregunta2
[0.957s] copying pruebaPregunta2/__init__.py -> /workspace/ros2_ws/build/pruebaPregunta2/build/lib/pruebaPregunta2
[0.958s] running install
[0.958s] running install_lib
[0.959s] creating /workspace/ros2_ws/install/pruebaPregunta2/lib/python3.10/site-packages/pruebaPregunta2
[0.959s] copying /workspace/ros2_ws/build/pruebaPregunta2/build/lib/pruebaPregunta2/__init__.py -> /workspace/ros2_ws/install/pruebaPregunta2/lib/python3.10/site-packages/pruebaPregunta2
[0.959s] byte-compiling /workspace/ros2_ws/install/pruebaPregunta2/lib/python3.10/site-packages/pruebaPregunta2/__init__.py to __init__.cpython-310.pyc
[0.960s] running install_data
[0.960s] creating /workspace/ros2_ws/install/pruebaPregunta2/share/ament_index
[0.960s] creating /workspace/ros2_ws/install/pruebaPregunta2/share/ament_index/resource_index
[0.960s] creating /workspace/ros2_ws/install/pruebaPregunta2/share/ament_index/resource_index/packages
[0.961s] copying resource/pruebaPregunta2 -> /workspace/ros2_ws/install/pruebaPregunta2/share/ament_index/resource_index/packages
[0.961s] copying package.xml -> /workspace/ros2_ws/install/pruebaPregunta2/share/pruebaPregunta2
[0.961s] running install_egg_info
[0.962s] Copying ../../build/pruebaPregunta2/pruebaPregunta2.egg-info to /workspace/ros2_ws/install/pruebaPregunta2/lib/python3.10/site-packages/pruebaPregunta2-0.0.0-py3.10.egg-info
[0.963s] running install_scripts
[0.984s] writing list of installed files to '/workspace/ros2_ws/build/pruebaPregunta2/install.log'
[1.022s] Invoked command in '/workspace/ros2_ws/src/pruebaPregunta2' returned '0': PYTHONPATH=/workspace/ros2_ws/build/pruebaPregunta2/prefix_override:/usr/lib/python3/dist-packages/colcon_core/task/python/colcon_distutils_commands:/workspace/ros2_ws/install/pruebaPregunta2/lib/python3.10/site-packages:${PYTHONPATH} /usr/bin/python3 -W ignore:setup.py install is deprecated -W ignore:easy_install command is deprecated setup.py egg_info --egg-base ../../build/pruebaPregunta2 build --build-base /workspace/ros2_ws/build/pruebaPregunta2/build install --record /workspace/ros2_ws/build/pruebaPregunta2/install.log --single-version-externally-managed install_data
