[  3%] Built target battery_act__cpp
[ 12%] Built target battery_act__rosidl_generator_c
[ 12%] Built target ament_cmake_python_copy_battery_act
[ 22%] Built target battery_act__rosidl_typesupport_cpp
[ 32%] Built target battery_act__rosidl_typesupport_introspection_cpp
[ 41%] Built target battery_act__rosidl_typesupport_fastrtps_cpp
[ 51%] Built target battery_act__rosidl_typesupport_introspection_c
[ 61%] Built target battery_act__rosidl_typesupport_c
[ 70%] Built target battery_act__rosidl_typesupport_fastrtps_c
[ 70%] Built target battery_act
[ 74%] Built target battery_act__py
[ 80%] Built target battery_act__rosidl_generator_py
[ 87%] Built target battery_act__rosidl_typesupport_introspection_c__pyext
[ 93%] Built target battery_act__rosidl_typesupport_fastrtps_c__pyext
[100%] Built target battery_act__rosidl_typesupport_c__pyext
running egg_info
writing battery_act.egg-info/PKG-INFO
writing dependency_links to battery_act.egg-info/dependency_links.txt
writing top-level names to battery_act.egg-info/top_level.txt
reading manifest file 'battery_act.egg-info/SOURCES.txt'
writing manifest file 'battery_act.egg-info/SOURCES.txt'
[100%] Built target ament_cmake_python_build_battery_act_egg
-- Install configuration: ""
-- Up-to-date: /workspace/ros2_ws/install/battery_act/share/ament_index/resource_index/rosidl_interfaces/battery_act
-- Up-to-date: /workspace/ros2_ws/install/battery_act/include/battery_act/battery_act
-- Up-to-date: /workspace/ros2_ws/install/battery_act/include/battery_act/battery_act/msg
-- Up-to-date: /workspace/ros2_ws/install/battery_act/include/battery_act/battery_act/msg/rosidl_generator_c__visibility_control.h
-- Up-to-date: /workspace/ros2_ws/install/battery_act/include/battery_act/battery_act/action
-- Up-to-date: /workspace/ros2_ws/install/battery_act/include/battery_act/battery_act/action/battery.h
-- Up-to-date: /workspace/ros2_ws/install/battery_act/include/battery_act/battery_act/action/detail
-- Up-to-date: /workspace/ros2_ws/install/battery_act/include/battery_act/battery_act/action/detail/battery__functions.c
-- Up-to-date: /workspace/ros2_ws/install/battery_act/include/battery_act/battery_act/action/detail/battery__struct.h
-- Up-to-date: /workspace/ros2_ws/install/battery_act/include/battery_act/battery_act/action/detail/battery__type_support.h
-- Up-to-date: /workspace/ros2_ws/install/battery_act/include/battery_act/battery_act/action/detail/battery__functions.h
-- Up-to-date: /workspace/ros2_ws/install/battery_act/share/battery_act/environment/library_path.sh
-- Up-to-date: /workspace/ros2_ws/install/battery_act/share/battery_act/environment/library_path.dsv
-- Up-to-date: /workspace/ros2_ws/install/battery_act/lib/libbattery_act__rosidl_generator_c.so
-- Up-to-date: /workspace/ros2_ws/install/battery_act/include/battery_act/battery_act
-- Up-to-date: /workspace/ros2_ws/install/battery_act/include/battery_act/battery_act/msg
-- Up-to-date: /workspace/ros2_ws/install/battery_act/include/battery_act/battery_act/msg/rosidl_typesupport_fastrtps_c__visibility_control.h
-- Up-to-date: /workspace/ros2_ws/install/battery_act/include/battery_act/battery_act/action
-- Up-to-date: /workspace/ros2_ws/install/battery_act/include/battery_act/battery_act/action/detail
-- Up-to-date: /workspace/ros2_ws/install/battery_act/include/battery_act/battery_act/action/detail/battery__rosidl_typesupport_fastrtps_c.h
-- Up-to-date: /workspace/ros2_ws/install/battery_act/lib/libbattery_act__rosidl_typesupport_fastrtps_c.so
-- Up-to-date: /workspace/ros2_ws/install/battery_act/include/battery_act/battery_act
-- Up-to-date: /workspace/ros2_ws/install/battery_act/include/battery_act/battery_act/msg
-- Up-to-date: /workspace/ros2_ws/install/battery_act/include/battery_act/battery_act/msg/rosidl_typesupport_introspection_c__visibility_control.h
-- Up-to-date: /workspace/ros2_ws/install/battery_act/include/battery_act/battery_act/action
-- Up-to-date: /workspace/ros2_ws/install/battery_act/include/battery_act/battery_act/action/detail
-- Up-to-date: /workspace/ros2_ws/install/battery_act/include/battery_act/battery_act/action/detail/battery__type_support.c
-- Up-to-date: /workspace/ros2_ws/install/battery_act/include/battery_act/battery_act/action/detail/battery__rosidl_typesupport_introspection_c.h
-- Up-to-date: /workspace/ros2_ws/install/battery_act/lib/libbattery_act__rosidl_typesupport_introspection_c.so
-- Up-to-date: /workspace/ros2_ws/install/battery_act/lib/libbattery_act__rosidl_typesupport_c.so
-- Up-to-date: /workspace/ros2_ws/install/battery_act/include/battery_act/battery_act
-- Up-to-date: /workspace/ros2_ws/install/battery_act/include/battery_act/battery_act/msg
-- Up-to-date: /workspace/ros2_ws/install/battery_act/include/battery_act/battery_act/msg/rosidl_generator_cpp__visibility_control.hpp
-- Up-to-date: /workspace/ros2_ws/install/battery_act/include/battery_act/battery_act/action
-- Up-to-date: /workspace/ros2_ws/install/battery_act/include/battery_act/battery_act/action/battery.hpp
-- Up-to-date: /workspace/ros2_ws/install/battery_act/include/battery_act/battery_act/action/detail
-- Up-to-date: /workspace/ros2_ws/install/battery_act/include/battery_act/battery_act/action/detail/battery__traits.hpp
-- Up-to-date: /workspace/ros2_ws/install/battery_act/include/battery_act/battery_act/action/detail/battery__type_support.hpp
-- Up-to-date: /workspace/ros2_ws/install/battery_act/include/battery_act/battery_act/action/detail/battery__builder.hpp
-- Up-to-date: /workspace/ros2_ws/install/battery_act/include/battery_act/battery_act/action/detail/battery__struct.hpp
-- Up-to-date: /workspace/ros2_ws/install/battery_act/include/battery_act/battery_act
-- Up-to-date: /workspace/ros2_ws/install/battery_act/include/battery_act/battery_act/msg
-- Up-to-date: /workspace/ros2_ws/install/battery_act/include/battery_act/battery_act/msg/rosidl_typesupport_fastrtps_cpp__visibility_control.h
-- Up-to-date: /workspace/ros2_ws/install/battery_act/include/battery_act/battery_act/action
-- Up-to-date: /workspace/ros2_ws/install/battery_act/include/battery_act/battery_act/action/detail
-- Up-to-date: /workspace/ros2_ws/install/battery_act/include/battery_act/battery_act/action/detail/dds_fastrtps
-- Up-to-date: /workspace/ros2_ws/install/battery_act/include/battery_act/battery_act/action/detail/battery__rosidl_typesupport_fastrtps_cpp.hpp
-- Up-to-date: /workspace/ros2_ws/install/battery_act/lib/libbattery_act__rosidl_typesupport_fastrtps_cpp.so
-- Up-to-date: /workspace/ros2_ws/install/battery_act/include/battery_act/battery_act
-- Up-to-date: /workspace/ros2_ws/install/battery_act/include/battery_act/battery_act/action
-- Up-to-date: /workspace/ros2_ws/install/battery_act/include/battery_act/battery_act/action/detail
-- Up-to-date: /workspace/ros2_ws/install/battery_act/include/battery_act/battery_act/action/detail/battery__type_support.cpp
-- Up-to-date: /workspace/ros2_ws/install/battery_act/include/battery_act/battery_act/action/detail/battery__rosidl_typesupport_introspection_cpp.hpp
-- Up-to-date: /workspace/ros2_ws/install/battery_act/lib/libbattery_act__rosidl_typesupport_introspection_cpp.so
-- Up-to-date: /workspace/ros2_ws/install/battery_act/lib/libbattery_act__rosidl_typesupport_cpp.so
-- Up-to-date: /workspace/ros2_ws/install/battery_act/share/battery_act/environment/pythonpath.sh
-- Up-to-date: /workspace/ros2_ws/install/battery_act/share/battery_act/environment/pythonpath.dsv
-- Up-to-date: /workspace/ros2_ws/install/battery_act/local/lib/python3.10/dist-packages/battery_act-0.0.0-py3.10.egg-info
-- Installing: /workspace/ros2_ws/install/battery_act/local/lib/python3.10/dist-packages/battery_act-0.0.0-py3.10.egg-info/SOURCES.txt
-- Installing: /workspace/ros2_ws/install/battery_act/local/lib/python3.10/dist-packages/battery_act-0.0.0-py3.10.egg-info/dependency_links.txt
-- Installing: /workspace/ros2_ws/install/battery_act/local/lib/python3.10/dist-packages/battery_act-0.0.0-py3.10.egg-info/PKG-INFO
-- Installing: /workspace/ros2_ws/install/battery_act/local/lib/python3.10/dist-packages/battery_act-0.0.0-py3.10.egg-info/top_level.txt
-- Up-to-date: /workspace/ros2_ws/install/battery_act/local/lib/python3.10/dist-packages/battery_act
-- Up-to-date: /workspace/ros2_ws/install/battery_act/local/lib/python3.10/dist-packages/battery_act/battery_act_s__rosidl_typesupport_c.cpython-310-x86_64-linux-gnu.so
-- Up-to-date: /workspace/ros2_ws/install/battery_act/local/lib/python3.10/dist-packages/battery_act/_battery_act_s.ep.rosidl_typesupport_c.c
-- Up-to-date: /workspace/ros2_ws/install/battery_act/local/lib/python3.10/dist-packages/battery_act/libbattery_act__rosidl_generator_py.so
-- Up-to-date: /workspace/ros2_ws/install/battery_act/local/lib/python3.10/dist-packages/battery_act/action
-- Up-to-date: /workspace/ros2_ws/install/battery_act/local/lib/python3.10/dist-packages/battery_act/action/_battery_s.c
-- Up-to-date: /workspace/ros2_ws/install/battery_act/local/lib/python3.10/dist-packages/battery_act/action/_battery.py
-- Up-to-date: /workspace/ros2_ws/install/battery_act/local/lib/python3.10/dist-packages/battery_act/action/__init__.py
-- Up-to-date: /workspace/ros2_ws/install/battery_act/local/lib/python3.10/dist-packages/battery_act/__init__.py
-- Up-to-date: /workspace/ros2_ws/install/battery_act/local/lib/python3.10/dist-packages/battery_act/_battery_act_s.ep.rosidl_typesupport_fastrtps_c.c
-- Up-to-date: /workspace/ros2_ws/install/battery_act/local/lib/python3.10/dist-packages/battery_act/battery_act_s__rosidl_typesupport_fastrtps_c.cpython-310-x86_64-linux-gnu.so
-- Up-to-date: /workspace/ros2_ws/install/battery_act/local/lib/python3.10/dist-packages/battery_act/_battery_act_s.ep.rosidl_typesupport_introspection_c.c
-- Up-to-date: /workspace/ros2_ws/install/battery_act/local/lib/python3.10/dist-packages/battery_act/battery_act_s__rosidl_typesupport_introspection_c.cpython-310-x86_64-linux-gnu.so
Listing '/workspace/ros2_ws/install/battery_act/local/lib/python3.10/dist-packages/battery_act'...
Listing '/workspace/ros2_ws/install/battery_act/local/lib/python3.10/dist-packages/battery_act/action'...
-- Up-to-date: /workspace/ros2_ws/install/battery_act/local/lib/python3.10/dist-packages/battery_act/battery_act_s__rosidl_typesupport_fastrtps_c.cpython-310-x86_64-linux-gnu.so
-- Up-to-date: /workspace/ros2_ws/install/battery_act/local/lib/python3.10/dist-packages/battery_act/battery_act_s__rosidl_typesupport_introspection_c.cpython-310-x86_64-linux-gnu.so
-- Up-to-date: /workspace/ros2_ws/install/battery_act/local/lib/python3.10/dist-packages/battery_act/battery_act_s__rosidl_typesupport_c.cpython-310-x86_64-linux-gnu.so
-- Up-to-date: /workspace/ros2_ws/install/battery_act/lib/libbattery_act__rosidl_generator_py.so
-- Up-to-date: /workspace/ros2_ws/install/battery_act/share/battery_act/action/Battery.idl
-- Up-to-date: /workspace/ros2_ws/install/battery_act/share/battery_act/action/Battery.action
-- Up-to-date: /workspace/ros2_ws/install/battery_act/share/ament_index/resource_index/package_run_dependencies/battery_act
-- Up-to-date: /workspace/ros2_ws/install/battery_act/share/ament_index/resource_index/parent_prefix_path/battery_act
-- Up-to-date: /workspace/ros2_ws/install/battery_act/share/battery_act/environment/ament_prefix_path.sh
-- Up-to-date: /workspace/ros2_ws/install/battery_act/share/battery_act/environment/ament_prefix_path.dsv
-- Up-to-date: /workspace/ros2_ws/install/battery_act/share/battery_act/environment/path.sh
-- Up-to-date: /workspace/ros2_ws/install/battery_act/share/battery_act/environment/path.dsv
-- Up-to-date: /workspace/ros2_ws/install/battery_act/share/battery_act/local_setup.bash
-- Up-to-date: /workspace/ros2_ws/install/battery_act/share/battery_act/local_setup.sh
-- Up-to-date: /workspace/ros2_ws/install/battery_act/share/battery_act/local_setup.zsh
-- Up-to-date: /workspace/ros2_ws/install/battery_act/share/battery_act/local_setup.dsv
-- Installing: /workspace/ros2_ws/install/battery_act/share/battery_act/package.dsv
-- Up-to-date: /workspace/ros2_ws/install/battery_act/share/ament_index/resource_index/packages/battery_act
-- Up-to-date: /workspace/ros2_ws/install/battery_act/share/battery_act/cmake/export_battery_act__rosidl_generator_cExport.cmake
-- Up-to-date: /workspace/ros2_ws/install/battery_act/share/battery_act/cmake/export_battery_act__rosidl_generator_cExport-noconfig.cmake
-- Up-to-date: /workspace/ros2_ws/install/battery_act/share/battery_act/cmake/export_battery_act__rosidl_typesupport_fastrtps_cExport.cmake
-- Up-to-date: /workspace/ros2_ws/install/battery_act/share/battery_act/cmake/export_battery_act__rosidl_typesupport_fastrtps_cExport-noconfig.cmake
-- Up-to-date: /workspace/ros2_ws/install/battery_act/share/battery_act/cmake/battery_act__rosidl_typesupport_introspection_cExport.cmake
-- Up-to-date: /workspace/ros2_ws/install/battery_act/share/battery_act/cmake/battery_act__rosidl_typesupport_introspection_cExport-noconfig.cmake
-- Up-to-date: /workspace/ros2_ws/install/battery_act/share/battery_act/cmake/battery_act__rosidl_typesupport_cExport.cmake
-- Up-to-date: /workspace/ros2_ws/install/battery_act/share/battery_act/cmake/battery_act__rosidl_typesupport_cExport-noconfig.cmake
-- Up-to-date: /workspace/ros2_ws/install/battery_act/share/battery_act/cmake/export_battery_act__rosidl_generator_cppExport.cmake
-- Up-to-date: /workspace/ros2_ws/install/battery_act/share/battery_act/cmake/export_battery_act__rosidl_typesupport_fastrtps_cppExport.cmake
-- Up-to-date: /workspace/ros2_ws/install/battery_act/share/battery_act/cmake/export_battery_act__rosidl_typesupport_fastrtps_cppExport-noconfig.cmake
-- Up-to-date: /workspace/ros2_ws/install/battery_act/share/battery_act/cmake/battery_act__rosidl_typesupport_introspection_cppExport.cmake
-- Up-to-date: /workspace/ros2_ws/install/battery_act/share/battery_act/cmake/battery_act__rosidl_typesupport_introspection_cppExport-noconfig.cmake
-- Up-to-date: /workspace/ros2_ws/install/battery_act/share/battery_act/cmake/battery_act__rosidl_typesupport_cppExport.cmake
-- Up-to-date: /workspace/ros2_ws/install/battery_act/share/battery_act/cmake/battery_act__rosidl_typesupport_cppExport-noconfig.cmake
-- Up-to-date: /workspace/ros2_ws/install/battery_act/share/battery_act/cmake/export_battery_act__rosidl_generator_pyExport.cmake
-- Up-to-date: /workspace/ros2_ws/install/battery_act/share/battery_act/cmake/export_battery_act__rosidl_generator_pyExport-noconfig.cmake
-- Up-to-date: /workspace/ros2_ws/install/battery_act/share/battery_act/cmake/rosidl_cmake-extras.cmake
-- Up-to-date: /workspace/ros2_ws/install/battery_act/share/battery_act/cmake/ament_cmake_export_dependencies-extras.cmake
-- Up-to-date: /workspace/ros2_ws/install/battery_act/share/battery_act/cmake/ament_cmake_export_include_directories-extras.cmake
-- Up-to-date: /workspace/ros2_ws/install/battery_act/share/battery_act/cmake/ament_cmake_export_libraries-extras.cmake
-- Up-to-date: /workspace/ros2_ws/install/battery_act/share/battery_act/cmake/ament_cmake_export_targets-extras.cmake
-- Up-to-date: /workspace/ros2_ws/install/battery_act/share/battery_act/cmake/rosidl_cmake_export_typesupport_targets-extras.cmake
-- Up-to-date: /workspace/ros2_ws/install/battery_act/share/battery_act/cmake/rosidl_cmake_export_typesupport_libraries-extras.cmake
-- Up-to-date: /workspace/ros2_ws/install/battery_act/share/battery_act/cmake/battery_actConfig.cmake
-- Up-to-date: /workspace/ros2_ws/install/battery_act/share/battery_act/cmake/battery_actConfig-version.cmake
-- Up-to-date: /workspace/ros2_ws/install/battery_act/share/battery_act/package.xml
