[0.047s] Invoking command in '/workspace/ros2_ws/build/battery_act': CMAKE_PREFIX_PATH=${CMAKE_PREFIX_PATH}:/workspace/ros2_ws/install/pruebaPregunta2:/workspace/ros2_ws/install/service_temp:/opt/ros/humble /usr/bin/cmake --build /workspace/ros2_ws/build/battery_act -- -j16 -l16
[0.144s] [  3%] Built target battery_act__cpp
[0.144s] [ 12%] Built target battery_act__rosidl_generator_c
[0.159s] [ 12%] Built target ament_cmake_python_copy_battery_act
[0.189s] [ 22%] Built target battery_act__rosidl_typesupport_cpp
[0.196s] [ 32%] Built target battery_act__rosidl_typesupport_introspection_cpp
[0.201s] [ 41%] Built target battery_act__rosidl_typesupport_fastrtps_cpp
[0.206s] [ 51%] Built target battery_act__rosidl_typesupport_introspection_c
[0.211s] [ 61%] Built target battery_act__rosidl_typesupport_c
[0.213s] [ 70%] Built target battery_act__rosidl_typesupport_fastrtps_c
[0.254s] [ 70%] Built target battery_act
[0.288s] [ 74%] Built target battery_act__py
[0.338s] [ 80%] Built target battery_act__rosidl_generator_py
[0.379s] [ 87%] Built target battery_act__rosidl_typesupport_introspection_c__pyext
[0.384s] [ 93%] Built target battery_act__rosidl_typesupport_fastrtps_c__pyext
[0.387s] [100%] Built target battery_act__rosidl_typesupport_c__pyext
[0.551s] running egg_info
[0.555s] writing battery_act.egg-info/PKG-INFO
[0.555s] writing dependency_links to battery_act.egg-info/dependency_links.txt
[0.555s] writing top-level names to battery_act.egg-info/top_level.txt
[0.557s] reading manifest file 'battery_act.egg-info/SOURCES.txt'
[0.557s] writing manifest file 'battery_act.egg-info/SOURCES.txt'
[0.646s] [100%] Built target ament_cmake_python_build_battery_act_egg
[0.690s] Invoked command in '/workspace/ros2_ws/build/battery_act' returned '0': CMAKE_PREFIX_PATH=${CMAKE_PREFIX_PATH}:/workspace/ros2_ws/install/pruebaPregunta2:/workspace/ros2_ws/install/service_temp:/opt/ros/humble /usr/bin/cmake --build /workspace/ros2_ws/build/battery_act -- -j16 -l16
[0.694s] Invoking command in '/workspace/ros2_ws/build/battery_act': CMAKE_PREFIX_PATH=${CMAKE_PREFIX_PATH}:/workspace/ros2_ws/install/pruebaPregunta2:/workspace/ros2_ws/install/service_temp:/opt/ros/humble /usr/bin/cmake --install /workspace/ros2_ws/build/battery_act
[0.722s] -- Install configuration: ""
[0.722s] -- Up-to-date: /workspace/ros2_ws/install/battery_act/share/ament_index/resource_index/rosidl_interfaces/battery_act
[0.722s] -- Up-to-date: /workspace/ros2_ws/install/battery_act/include/battery_act/battery_act
[0.722s] -- Up-to-date: /workspace/ros2_ws/install/battery_act/include/battery_act/battery_act/msg
[0.723s] -- Up-to-date: /workspace/ros2_ws/install/battery_act/include/battery_act/battery_act/msg/rosidl_generator_c__visibility_control.h
[0.723s] -- Up-to-date: /workspace/ros2_ws/install/battery_act/include/battery_act/battery_act/action
[0.723s] -- Up-to-date: /workspace/ros2_ws/install/battery_act/include/battery_act/battery_act/action/battery.h
[0.723s] -- Up-to-date: /workspace/ros2_ws/install/battery_act/include/battery_act/battery_act/action/detail
[0.723s] -- Up-to-date: /workspace/ros2_ws/install/battery_act/include/battery_act/battery_act/action/detail/battery__functions.c
[0.723s] -- Up-to-date: /workspace/ros2_ws/install/battery_act/include/battery_act/battery_act/action/detail/battery__struct.h
[0.723s] -- Up-to-date: /workspace/ros2_ws/install/battery_act/include/battery_act/battery_act/action/detail/battery__type_support.h
[0.723s] -- Up-to-date: /workspace/ros2_ws/install/battery_act/include/battery_act/battery_act/action/detail/battery__functions.h
[0.723s] -- Up-to-date: /workspace/ros2_ws/install/battery_act/share/battery_act/environment/library_path.sh
[0.723s] -- Up-to-date: /workspace/ros2_ws/install/battery_act/share/battery_act/environment/library_path.dsv
[0.724s] -- Up-to-date: /workspace/ros2_ws/install/battery_act/lib/libbattery_act__rosidl_generator_c.so
[0.724s] -- Up-to-date: /workspace/ros2_ws/install/battery_act/include/battery_act/battery_act
[0.724s] -- Up-to-date: /workspace/ros2_ws/install/battery_act/include/battery_act/battery_act/msg
[0.724s] -- Up-to-date: /workspace/ros2_ws/install/battery_act/include/battery_act/battery_act/msg/rosidl_typesupport_fastrtps_c__visibility_control.h
[0.724s] -- Up-to-date: /workspace/ros2_ws/install/battery_act/include/battery_act/battery_act/action
[0.725s] -- Up-to-date: /workspace/ros2_ws/install/battery_act/include/battery_act/battery_act/action/detail
[0.725s] -- Up-to-date: /workspace/ros2_ws/install/battery_act/include/battery_act/battery_act/action/detail/battery__rosidl_typesupport_fastrtps_c.h
[0.725s] -- Up-to-date: /workspace/ros2_ws/install/battery_act/lib/libbattery_act__rosidl_typesupport_fastrtps_c.so
[0.725s] -- Up-to-date: /workspace/ros2_ws/install/battery_act/include/battery_act/battery_act
[0.725s] -- Up-to-date: /workspace/ros2_ws/install/battery_act/include/battery_act/battery_act/msg
[0.725s] -- Up-to-date: /workspace/ros2_ws/install/battery_act/include/battery_act/battery_act/msg/rosidl_typesupport_introspection_c__visibility_control.h
[0.725s] -- Up-to-date: /workspace/ros2_ws/install/battery_act/include/battery_act/battery_act/action
[0.725s] -- Up-to-date: /workspace/ros2_ws/install/battery_act/include/battery_act/battery_act/action/detail
[0.726s] -- Up-to-date: /workspace/ros2_ws/install/battery_act/include/battery_act/battery_act/action/detail/battery__type_support.c
[0.726s] -- Up-to-date: /workspace/ros2_ws/install/battery_act/include/battery_act/battery_act/action/detail/battery__rosidl_typesupport_introspection_c.h
[0.726s] -- Up-to-date: /workspace/ros2_ws/install/battery_act/lib/libbattery_act__rosidl_typesupport_introspection_c.so
[0.726s] -- Up-to-date: /workspace/ros2_ws/install/battery_act/lib/libbattery_act__rosidl_typesupport_c.so
[0.726s] -- Up-to-date: /workspace/ros2_ws/install/battery_act/include/battery_act/battery_act
[0.726s] -- Up-to-date: /workspace/ros2_ws/install/battery_act/include/battery_act/battery_act/msg
[0.726s] -- Up-to-date: /workspace/ros2_ws/install/battery_act/include/battery_act/battery_act/msg/rosidl_generator_cpp__visibility_control.hpp
[0.727s] -- Up-to-date: /workspace/ros2_ws/install/battery_act/include/battery_act/battery_act/action
[0.727s] -- Up-to-date: /workspace/ros2_ws/install/battery_act/include/battery_act/battery_act/action/battery.hpp
[0.727s] -- Up-to-date: /workspace/ros2_ws/install/battery_act/include/battery_act/battery_act/action/detail
[0.727s] -- Up-to-date: /workspace/ros2_ws/install/battery_act/include/battery_act/battery_act/action/detail/battery__traits.hpp
[0.727s] -- Up-to-date: /workspace/ros2_ws/install/battery_act/include/battery_act/battery_act/action/detail/battery__type_support.hpp
[0.727s] -- Up-to-date: /workspace/ros2_ws/install/battery_act/include/battery_act/battery_act/action/detail/battery__builder.hpp
[0.727s] -- Up-to-date: /workspace/ros2_ws/install/battery_act/include/battery_act/battery_act/action/detail/battery__struct.hpp
[0.727s] -- Up-to-date: /workspace/ros2_ws/install/battery_act/include/battery_act/battery_act
[0.728s] -- Up-to-date: /workspace/ros2_ws/install/battery_act/include/battery_act/battery_act/msg
[0.728s] -- Up-to-date: /workspace/ros2_ws/install/battery_act/include/battery_act/battery_act/msg/rosidl_typesupport_fastrtps_cpp__visibility_control.h
[0.728s] -- Up-to-date: /workspace/ros2_ws/install/battery_act/include/battery_act/battery_act/action
[0.728s] -- Up-to-date: /workspace/ros2_ws/install/battery_act/include/battery_act/battery_act/action/detail
[0.728s] -- Up-to-date: /workspace/ros2_ws/install/battery_act/include/battery_act/battery_act/action/detail/dds_fastrtps
[0.729s] -- Up-to-date: /workspace/ros2_ws/install/battery_act/include/battery_act/battery_act/action/detail/battery__rosidl_typesupport_fastrtps_cpp.hpp
[0.729s] -- Up-to-date: /workspace/ros2_ws/install/battery_act/lib/libbattery_act__rosidl_typesupport_fastrtps_cpp.so
[0.729s] -- Up-to-date: /workspace/ros2_ws/install/battery_act/include/battery_act/battery_act
[0.729s] -- Up-to-date: /workspace/ros2_ws/install/battery_act/include/battery_act/battery_act/action
[0.729s] -- Up-to-date: /workspace/ros2_ws/install/battery_act/include/battery_act/battery_act/action/detail
[0.729s] -- Up-to-date: /workspace/ros2_ws/install/battery_act/include/battery_act/battery_act/action/detail/battery__type_support.cpp
[0.729s] -- Up-to-date: /workspace/ros2_ws/install/battery_act/include/battery_act/battery_act/action/detail/battery__rosidl_typesupport_introspection_cpp.hpp
[0.729s] -- Up-to-date: /workspace/ros2_ws/install/battery_act/lib/libbattery_act__rosidl_typesupport_introspection_cpp.so
[0.729s] -- Up-to-date: /workspace/ros2_ws/install/battery_act/lib/libbattery_act__rosidl_typesupport_cpp.so
[0.729s] -- Up-to-date: /workspace/ros2_ws/install/battery_act/share/battery_act/environment/pythonpath.sh
[0.729s] -- Up-to-date: /workspace/ros2_ws/install/battery_act/share/battery_act/environment/pythonpath.dsv
[0.729s] -- Up-to-date: /workspace/ros2_ws/install/battery_act/local/lib/python3.10/dist-packages/battery_act-0.0.0-py3.10.egg-info
[0.730s] -- Installing: /workspace/ros2_ws/install/battery_act/local/lib/python3.10/dist-packages/battery_act-0.0.0-py3.10.egg-info/SOURCES.txt
[0.730s] -- Installing: /workspace/ros2_ws/install/battery_act/local/lib/python3.10/dist-packages/battery_act-0.0.0-py3.10.egg-info/dependency_links.txt
[0.730s] -- Installing: /workspace/ros2_ws/install/battery_act/local/lib/python3.10/dist-packages/battery_act-0.0.0-py3.10.egg-info/PKG-INFO
[0.730s] -- Installing: /workspace/ros2_ws/install/battery_act/local/lib/python3.10/dist-packages/battery_act-0.0.0-py3.10.egg-info/top_level.txt
[0.730s] -- Up-to-date: /workspace/ros2_ws/install/battery_act/local/lib/python3.10/dist-packages/battery_act
[0.730s] -- Up-to-date: /workspace/ros2_ws/install/battery_act/local/lib/python3.10/dist-packages/battery_act/battery_act_s__rosidl_typesupport_c.cpython-310-x86_64-linux-gnu.so
[0.730s] -- Up-to-date: /workspace/ros2_ws/install/battery_act/local/lib/python3.10/dist-packages/battery_act/_battery_act_s.ep.rosidl_typesupport_c.c
[0.730s] -- Up-to-date: /workspace/ros2_ws/install/battery_act/local/lib/python3.10/dist-packages/battery_act/libbattery_act__rosidl_generator_py.so
[0.730s] -- Up-to-date: /workspace/ros2_ws/install/battery_act/local/lib/python3.10/dist-packages/battery_act/action
[0.730s] -- Up-to-date: /workspace/ros2_ws/install/battery_act/local/lib/python3.10/dist-packages/battery_act/action/_battery_s.c
[0.730s] -- Up-to-date: /workspace/ros2_ws/install/battery_act/local/lib/python3.10/dist-packages/battery_act/action/_battery.py
[0.730s] -- Up-to-date: /workspace/ros2_ws/install/battery_act/local/lib/python3.10/dist-packages/battery_act/action/__init__.py
[0.731s] -- Up-to-date: /workspace/ros2_ws/install/battery_act/local/lib/python3.10/dist-packages/battery_act/__init__.py
[0.731s] -- Up-to-date: /workspace/ros2_ws/install/battery_act/local/lib/python3.10/dist-packages/battery_act/_battery_act_s.ep.rosidl_typesupport_fastrtps_c.c
[0.731s] -- Up-to-date: /workspace/ros2_ws/install/battery_act/local/lib/python3.10/dist-packages/battery_act/battery_act_s__rosidl_typesupport_fastrtps_c.cpython-310-x86_64-linux-gnu.so
[0.731s] -- Up-to-date: /workspace/ros2_ws/install/battery_act/local/lib/python3.10/dist-packages/battery_act/_battery_act_s.ep.rosidl_typesupport_introspection_c.c
[0.731s] -- Up-to-date: /workspace/ros2_ws/install/battery_act/local/lib/python3.10/dist-packages/battery_act/battery_act_s__rosidl_typesupport_introspection_c.cpython-310-x86_64-linux-gnu.so
[0.769s] Listing '/workspace/ros2_ws/install/battery_act/local/lib/python3.10/dist-packages/battery_act'...
[0.769s] Listing '/workspace/ros2_ws/install/battery_act/local/lib/python3.10/dist-packages/battery_act/action'...
[0.782s] -- Up-to-date: /workspace/ros2_ws/install/battery_act/local/lib/python3.10/dist-packages/battery_act/battery_act_s__rosidl_typesupport_fastrtps_c.cpython-310-x86_64-linux-gnu.so
[0.782s] -- Up-to-date: /workspace/ros2_ws/install/battery_act/local/lib/python3.10/dist-packages/battery_act/battery_act_s__rosidl_typesupport_introspection_c.cpython-310-x86_64-linux-gnu.so
[0.796s] -- Up-to-date: /workspace/ros2_ws/install/battery_act/local/lib/python3.10/dist-packages/battery_act/battery_act_s__rosidl_typesupport_c.cpython-310-x86_64-linux-gnu.so
[0.801s] -- Up-to-date: /workspace/ros2_ws/install/battery_act/lib/libbattery_act__rosidl_generator_py.so
[0.801s] -- Up-to-date: /workspace/ros2_ws/install/battery_act/share/battery_act/action/Battery.idl
[0.802s] -- Up-to-date: /workspace/ros2_ws/install/battery_act/share/battery_act/action/Battery.action
[0.802s] -- Up-to-date: /workspace/ros2_ws/install/battery_act/share/ament_index/resource_index/package_run_dependencies/battery_act
[0.802s] -- Up-to-date: /workspace/ros2_ws/install/battery_act/share/ament_index/resource_index/parent_prefix_path/battery_act
[0.802s] -- Up-to-date: /workspace/ros2_ws/install/battery_act/share/battery_act/environment/ament_prefix_path.sh
[0.802s] -- Up-to-date: /workspace/ros2_ws/install/battery_act/share/battery_act/environment/ament_prefix_path.dsv
[0.803s] -- Up-to-date: /workspace/ros2_ws/install/battery_act/share/battery_act/environment/path.sh
[0.803s] -- Up-to-date: /workspace/ros2_ws/install/battery_act/share/battery_act/environment/path.dsv
[0.803s] -- Up-to-date: /workspace/ros2_ws/install/battery_act/share/battery_act/local_setup.bash
[0.803s] -- Up-to-date: /workspace/ros2_ws/install/battery_act/share/battery_act/local_setup.sh
[0.803s] -- Up-to-date: /workspace/ros2_ws/install/battery_act/share/battery_act/local_setup.zsh
[0.803s] -- Up-to-date: /workspace/ros2_ws/install/battery_act/share/battery_act/local_setup.dsv
[0.803s] -- Installing: /workspace/ros2_ws/install/battery_act/share/battery_act/package.dsv
[0.803s] -- Up-to-date: /workspace/ros2_ws/install/battery_act/share/ament_index/resource_index/packages/battery_act
[0.804s] -- Up-to-date: /workspace/ros2_ws/install/battery_act/share/battery_act/cmake/export_battery_act__rosidl_generator_cExport.cmake
[0.804s] -- Up-to-date: /workspace/ros2_ws/install/battery_act/share/battery_act/cmake/export_battery_act__rosidl_generator_cExport-noconfig.cmake
[0.804s] -- Up-to-date: /workspace/ros2_ws/install/battery_act/share/battery_act/cmake/export_battery_act__rosidl_typesupport_fastrtps_cExport.cmake
[0.804s] -- Up-to-date: /workspace/ros2_ws/install/battery_act/share/battery_act/cmake/export_battery_act__rosidl_typesupport_fastrtps_cExport-noconfig.cmake
[0.805s] -- Up-to-date: /workspace/ros2_ws/install/battery_act/share/battery_act/cmake/battery_act__rosidl_typesupport_introspection_cExport.cmake
[0.805s] -- Up-to-date: /workspace/ros2_ws/install/battery_act/share/battery_act/cmake/battery_act__rosidl_typesupport_introspection_cExport-noconfig.cmake
[0.805s] -- Up-to-date: /workspace/ros2_ws/install/battery_act/share/battery_act/cmake/battery_act__rosidl_typesupport_cExport.cmake
[0.805s] -- Up-to-date: /workspace/ros2_ws/install/battery_act/share/battery_act/cmake/battery_act__rosidl_typesupport_cExport-noconfig.cmake
[0.805s] -- Up-to-date: /workspace/ros2_ws/install/battery_act/share/battery_act/cmake/export_battery_act__rosidl_generator_cppExport.cmake
[0.806s] -- Up-to-date: /workspace/ros2_ws/install/battery_act/share/battery_act/cmake/export_battery_act__rosidl_typesupport_fastrtps_cppExport.cmake
[0.806s] -- Up-to-date: /workspace/ros2_ws/install/battery_act/share/battery_act/cmake/export_battery_act__rosidl_typesupport_fastrtps_cppExport-noconfig.cmake
[0.806s] -- Up-to-date: /workspace/ros2_ws/install/battery_act/share/battery_act/cmake/battery_act__rosidl_typesupport_introspection_cppExport.cmake
[0.806s] -- Up-to-date: /workspace/ros2_ws/install/battery_act/share/battery_act/cmake/battery_act__rosidl_typesupport_introspection_cppExport-noconfig.cmake
[0.806s] -- Up-to-date: /workspace/ros2_ws/install/battery_act/share/battery_act/cmake/battery_act__rosidl_typesupport_cppExport.cmake
[0.806s] -- Up-to-date: /workspace/ros2_ws/install/battery_act/share/battery_act/cmake/battery_act__rosidl_typesupport_cppExport-noconfig.cmake
[0.806s] -- Up-to-date: /workspace/ros2_ws/install/battery_act/share/battery_act/cmake/export_battery_act__rosidl_generator_pyExport.cmake
[0.806s] -- Up-to-date: /workspace/ros2_ws/install/battery_act/share/battery_act/cmake/export_battery_act__rosidl_generator_pyExport-noconfig.cmake
[0.807s] -- Up-to-date: /workspace/ros2_ws/install/battery_act/share/battery_act/cmake/rosidl_cmake-extras.cmake
[0.807s] -- Up-to-date: /workspace/ros2_ws/install/battery_act/share/battery_act/cmake/ament_cmake_export_dependencies-extras.cmake
[0.807s] -- Up-to-date: /workspace/ros2_ws/install/battery_act/share/battery_act/cmake/ament_cmake_export_include_directories-extras.cmake
[0.807s] -- Up-to-date: /workspace/ros2_ws/install/battery_act/share/battery_act/cmake/ament_cmake_export_libraries-extras.cmake
[0.808s] -- Up-to-date: /workspace/ros2_ws/install/battery_act/share/battery_act/cmake/ament_cmake_export_targets-extras.cmake
[0.808s] -- Up-to-date: /workspace/ros2_ws/install/battery_act/share/battery_act/cmake/rosidl_cmake_export_typesupport_targets-extras.cmake
[0.809s] -- Up-to-date: /workspace/ros2_ws/install/battery_act/share/battery_act/cmake/rosidl_cmake_export_typesupport_libraries-extras.cmake
[0.809s] -- Up-to-date: /workspace/ros2_ws/install/battery_act/share/battery_act/cmake/battery_actConfig.cmake
[0.809s] -- Up-to-date: /workspace/ros2_ws/install/battery_act/share/battery_act/cmake/battery_actConfig-version.cmake
[0.809s] -- Up-to-date: /workspace/ros2_ws/install/battery_act/share/battery_act/package.xml
[0.846s] Invoked command in '/workspace/ros2_ws/build/battery_act' returned '0': CMAKE_PREFIX_PATH=${CMAKE_PREFIX_PATH}:/workspace/ros2_ws/install/pruebaPregunta2:/workspace/ros2_ws/install/service_temp:/opt/ros/humble /usr/bin/cmake --install /workspace/ros2_ws/build/battery_act
