[  3%] Built target srv_service_temp__cpp
[ 12%] Built target srv_service_temp__rosidl_generator_c
[ 12%] Built target ament_cmake_python_copy_srv_service_temp
[ 22%] Built target srv_service_temp__rosidl_typesupport_introspection_cpp
[ 38%] Built target srv_service_temp__rosidl_typesupport_c
[ 41%] Built target srv_service_temp__rosidl_typesupport_introspection_c
[ 51%] Built target srv_service_temp__rosidl_typesupport_cpp
[ 61%] Built target srv_service_temp__rosidl_typesupport_fastrtps_cpp
[ 70%] Built target srv_service_temp__rosidl_typesupport_fastrtps_c
[ 70%] Built target srv_service_temp
[ 74%] Built target srv_service_temp__py
[ 80%] Built target srv_service_temp__rosidl_generator_py
[ 87%] Built target srv_service_temp__rosidl_typesupport_fastrtps_c__pyext
[ 93%] Built target srv_service_temp__rosidl_typesupport_introspection_c__pyext
[100%] Built target srv_service_temp__rosidl_typesupport_c__pyext
running egg_info
writing srv_service_temp.egg-info/PKG-INFO
writing dependency_links to srv_service_temp.egg-info/dependency_links.txt
writing top-level names to srv_service_temp.egg-info/top_level.txt
reading manifest file 'srv_service_temp.egg-info/SOURCES.txt'
writing manifest file 'srv_service_temp.egg-info/SOURCES.txt'
[100%] Built target ament_cmake_python_build_srv_service_temp_egg
-- Install configuration: ""
-- Up-to-date: /workspace/ros2_ws/install/srv_service_temp/share/ament_index/resource_index/rosidl_interfaces/srv_service_temp
-- Up-to-date: /workspace/ros2_ws/install/srv_service_temp/include/srv_service_temp/srv_service_temp
-- Up-to-date: /workspace/ros2_ws/install/srv_service_temp/include/srv_service_temp/srv_service_temp/msg
-- Up-to-date: /workspace/ros2_ws/install/srv_service_temp/include/srv_service_temp/srv_service_temp/msg/rosidl_generator_c__visibility_control.h
-- Up-to-date: /workspace/ros2_ws/install/srv_service_temp/include/srv_service_temp/srv_service_temp/srv
-- Up-to-date: /workspace/ros2_ws/install/srv_service_temp/include/srv_service_temp/srv_service_temp/srv/conversion.h
-- Up-to-date: /workspace/ros2_ws/install/srv_service_temp/include/srv_service_temp/srv_service_temp/srv/detail
-- Up-to-date: /workspace/ros2_ws/install/srv_service_temp/include/srv_service_temp/srv_service_temp/srv/detail/conversion__type_support.h
-- Up-to-date: /workspace/ros2_ws/install/srv_service_temp/include/srv_service_temp/srv_service_temp/srv/detail/conversion__functions.h
-- Up-to-date: /workspace/ros2_ws/install/srv_service_temp/include/srv_service_temp/srv_service_temp/srv/detail/conversion__struct.h
-- Up-to-date: /workspace/ros2_ws/install/srv_service_temp/include/srv_service_temp/srv_service_temp/srv/detail/conversion__functions.c
-- Up-to-date: /workspace/ros2_ws/install/srv_service_temp/share/srv_service_temp/environment/library_path.sh
-- Up-to-date: /workspace/ros2_ws/install/srv_service_temp/share/srv_service_temp/environment/library_path.dsv
-- Up-to-date: /workspace/ros2_ws/install/srv_service_temp/lib/libsrv_service_temp__rosidl_generator_c.so
-- Up-to-date: /workspace/ros2_ws/install/srv_service_temp/include/srv_service_temp/srv_service_temp
-- Up-to-date: /workspace/ros2_ws/install/srv_service_temp/include/srv_service_temp/srv_service_temp/msg
-- Up-to-date: /workspace/ros2_ws/install/srv_service_temp/include/srv_service_temp/srv_service_temp/msg/rosidl_typesupport_fastrtps_c__visibility_control.h
-- Up-to-date: /workspace/ros2_ws/install/srv_service_temp/include/srv_service_temp/srv_service_temp/srv
-- Up-to-date: /workspace/ros2_ws/install/srv_service_temp/include/srv_service_temp/srv_service_temp/srv/detail
-- Up-to-date: /workspace/ros2_ws/install/srv_service_temp/include/srv_service_temp/srv_service_temp/srv/detail/conversion__rosidl_typesupport_fastrtps_c.h
-- Up-to-date: /workspace/ros2_ws/install/srv_service_temp/lib/libsrv_service_temp__rosidl_typesupport_fastrtps_c.so
-- Up-to-date: /workspace/ros2_ws/install/srv_service_temp/include/srv_service_temp/srv_service_temp
-- Up-to-date: /workspace/ros2_ws/install/srv_service_temp/include/srv_service_temp/srv_service_temp/msg
-- Up-to-date: /workspace/ros2_ws/install/srv_service_temp/include/srv_service_temp/srv_service_temp/msg/rosidl_typesupport_introspection_c__visibility_control.h
-- Up-to-date: /workspace/ros2_ws/install/srv_service_temp/include/srv_service_temp/srv_service_temp/srv
-- Up-to-date: /workspace/ros2_ws/install/srv_service_temp/include/srv_service_temp/srv_service_temp/srv/detail
-- Up-to-date: /workspace/ros2_ws/install/srv_service_temp/include/srv_service_temp/srv_service_temp/srv/detail/conversion__type_support.c
-- Up-to-date: /workspace/ros2_ws/install/srv_service_temp/include/srv_service_temp/srv_service_temp/srv/detail/conversion__rosidl_typesupport_introspection_c.h
-- Up-to-date: /workspace/ros2_ws/install/srv_service_temp/lib/libsrv_service_temp__rosidl_typesupport_introspection_c.so
-- Up-to-date: /workspace/ros2_ws/install/srv_service_temp/lib/libsrv_service_temp__rosidl_typesupport_c.so
-- Up-to-date: /workspace/ros2_ws/install/srv_service_temp/include/srv_service_temp/srv_service_temp
-- Up-to-date: /workspace/ros2_ws/install/srv_service_temp/include/srv_service_temp/srv_service_temp/msg
-- Up-to-date: /workspace/ros2_ws/install/srv_service_temp/include/srv_service_temp/srv_service_temp/msg/rosidl_generator_cpp__visibility_control.hpp
-- Up-to-date: /workspace/ros2_ws/install/srv_service_temp/include/srv_service_temp/srv_service_temp/srv
-- Up-to-date: /workspace/ros2_ws/install/srv_service_temp/include/srv_service_temp/srv_service_temp/srv/conversion.hpp
-- Up-to-date: /workspace/ros2_ws/install/srv_service_temp/include/srv_service_temp/srv_service_temp/srv/detail
-- Up-to-date: /workspace/ros2_ws/install/srv_service_temp/include/srv_service_temp/srv_service_temp/srv/detail/conversion__builder.hpp
-- Up-to-date: /workspace/ros2_ws/install/srv_service_temp/include/srv_service_temp/srv_service_temp/srv/detail/conversion__traits.hpp
-- Up-to-date: /workspace/ros2_ws/install/srv_service_temp/include/srv_service_temp/srv_service_temp/srv/detail/conversion__type_support.hpp
-- Up-to-date: /workspace/ros2_ws/install/srv_service_temp/include/srv_service_temp/srv_service_temp/srv/detail/conversion__struct.hpp
-- Up-to-date: /workspace/ros2_ws/install/srv_service_temp/include/srv_service_temp/srv_service_temp
-- Up-to-date: /workspace/ros2_ws/install/srv_service_temp/include/srv_service_temp/srv_service_temp/msg
-- Up-to-date: /workspace/ros2_ws/install/srv_service_temp/include/srv_service_temp/srv_service_temp/msg/rosidl_typesupport_fastrtps_cpp__visibility_control.h
-- Up-to-date: /workspace/ros2_ws/install/srv_service_temp/include/srv_service_temp/srv_service_temp/srv
-- Up-to-date: /workspace/ros2_ws/install/srv_service_temp/include/srv_service_temp/srv_service_temp/srv/detail
-- Up-to-date: /workspace/ros2_ws/install/srv_service_temp/include/srv_service_temp/srv_service_temp/srv/detail/conversion__rosidl_typesupport_fastrtps_cpp.hpp
-- Up-to-date: /workspace/ros2_ws/install/srv_service_temp/include/srv_service_temp/srv_service_temp/srv/detail/dds_fastrtps
-- Up-to-date: /workspace/ros2_ws/install/srv_service_temp/lib/libsrv_service_temp__rosidl_typesupport_fastrtps_cpp.so
-- Up-to-date: /workspace/ros2_ws/install/srv_service_temp/include/srv_service_temp/srv_service_temp
-- Up-to-date: /workspace/ros2_ws/install/srv_service_temp/include/srv_service_temp/srv_service_temp/srv
-- Up-to-date: /workspace/ros2_ws/install/srv_service_temp/include/srv_service_temp/srv_service_temp/srv/detail
-- Up-to-date: /workspace/ros2_ws/install/srv_service_temp/include/srv_service_temp/srv_service_temp/srv/detail/conversion__type_support.cpp
-- Up-to-date: /workspace/ros2_ws/install/srv_service_temp/include/srv_service_temp/srv_service_temp/srv/detail/conversion__rosidl_typesupport_introspection_cpp.hpp
-- Up-to-date: /workspace/ros2_ws/install/srv_service_temp/lib/libsrv_service_temp__rosidl_typesupport_introspection_cpp.so
-- Up-to-date: /workspace/ros2_ws/install/srv_service_temp/lib/libsrv_service_temp__rosidl_typesupport_cpp.so
-- Up-to-date: /workspace/ros2_ws/install/srv_service_temp/share/srv_service_temp/environment/pythonpath.sh
-- Up-to-date: /workspace/ros2_ws/install/srv_service_temp/share/srv_service_temp/environment/pythonpath.dsv
-- Up-to-date: /workspace/ros2_ws/install/srv_service_temp/local/lib/python3.10/dist-packages/srv_service_temp-0.0.0-py3.10.egg-info
-- Installing: /workspace/ros2_ws/install/srv_service_temp/local/lib/python3.10/dist-packages/srv_service_temp-0.0.0-py3.10.egg-info/SOURCES.txt
-- Installing: /workspace/ros2_ws/install/srv_service_temp/local/lib/python3.10/dist-packages/srv_service_temp-0.0.0-py3.10.egg-info/dependency_links.txt
-- Installing: /workspace/ros2_ws/install/srv_service_temp/local/lib/python3.10/dist-packages/srv_service_temp-0.0.0-py3.10.egg-info/PKG-INFO
-- Installing: /workspace/ros2_ws/install/srv_service_temp/local/lib/python3.10/dist-packages/srv_service_temp-0.0.0-py3.10.egg-info/top_level.txt
-- Up-to-date: /workspace/ros2_ws/install/srv_service_temp/local/lib/python3.10/dist-packages/srv_service_temp
-- Up-to-date: /workspace/ros2_ws/install/srv_service_temp/local/lib/python3.10/dist-packages/srv_service_temp/srv_service_temp_s__rosidl_typesupport_c.cpython-310-x86_64-linux-gnu.so
-- Up-to-date: /workspace/ros2_ws/install/srv_service_temp/local/lib/python3.10/dist-packages/srv_service_temp/_srv_service_temp_s.ep.rosidl_typesupport_fastrtps_c.c
-- Up-to-date: /workspace/ros2_ws/install/srv_service_temp/local/lib/python3.10/dist-packages/srv_service_temp/libsrv_service_temp__rosidl_generator_py.so
-- Up-to-date: /workspace/ros2_ws/install/srv_service_temp/local/lib/python3.10/dist-packages/srv_service_temp/_srv_service_temp_s.ep.rosidl_typesupport_c.c
-- Up-to-date: /workspace/ros2_ws/install/srv_service_temp/local/lib/python3.10/dist-packages/srv_service_temp/_srv_service_temp_s.ep.rosidl_typesupport_introspection_c.c
-- Up-to-date: /workspace/ros2_ws/install/srv_service_temp/local/lib/python3.10/dist-packages/srv_service_temp/srv_service_temp_s__rosidl_typesupport_fastrtps_c.cpython-310-x86_64-linux-gnu.so
-- Up-to-date: /workspace/ros2_ws/install/srv_service_temp/local/lib/python3.10/dist-packages/srv_service_temp/srv_service_temp_s__rosidl_typesupport_introspection_c.cpython-310-x86_64-linux-gnu.so
-- Up-to-date: /workspace/ros2_ws/install/srv_service_temp/local/lib/python3.10/dist-packages/srv_service_temp/srv
-- Up-to-date: /workspace/ros2_ws/install/srv_service_temp/local/lib/python3.10/dist-packages/srv_service_temp/srv/_conversion_s.c
-- Up-to-date: /workspace/ros2_ws/install/srv_service_temp/local/lib/python3.10/dist-packages/srv_service_temp/srv/_conversion.py
-- Up-to-date: /workspace/ros2_ws/install/srv_service_temp/local/lib/python3.10/dist-packages/srv_service_temp/srv/__init__.py
-- Up-to-date: /workspace/ros2_ws/install/srv_service_temp/local/lib/python3.10/dist-packages/srv_service_temp/__init__.py
Listing '/workspace/ros2_ws/install/srv_service_temp/local/lib/python3.10/dist-packages/srv_service_temp'...
Listing '/workspace/ros2_ws/install/srv_service_temp/local/lib/python3.10/dist-packages/srv_service_temp/srv'...
-- Up-to-date: /workspace/ros2_ws/install/srv_service_temp/local/lib/python3.10/dist-packages/srv_service_temp/srv_service_temp_s__rosidl_typesupport_fastrtps_c.cpython-310-x86_64-linux-gnu.so
-- Up-to-date: /workspace/ros2_ws/install/srv_service_temp/local/lib/python3.10/dist-packages/srv_service_temp/srv_service_temp_s__rosidl_typesupport_introspection_c.cpython-310-x86_64-linux-gnu.so
-- Up-to-date: /workspace/ros2_ws/install/srv_service_temp/local/lib/python3.10/dist-packages/srv_service_temp/srv_service_temp_s__rosidl_typesupport_c.cpython-310-x86_64-linux-gnu.so
-- Up-to-date: /workspace/ros2_ws/install/srv_service_temp/lib/libsrv_service_temp__rosidl_generator_py.so
-- Up-to-date: /workspace/ros2_ws/install/srv_service_temp/share/srv_service_temp/srv/Conversion.idl
-- Up-to-date: /workspace/ros2_ws/install/srv_service_temp/share/srv_service_temp/srv/Conversion.srv
-- Up-to-date: /workspace/ros2_ws/install/srv_service_temp/share/srv_service_temp/srv/Conversion_Request.msg
-- Up-to-date: /workspace/ros2_ws/install/srv_service_temp/share/srv_service_temp/srv/Conversion_Response.msg
-- Up-to-date: /workspace/ros2_ws/install/srv_service_temp/share/ament_index/resource_index/package_run_dependencies/srv_service_temp
-- Up-to-date: /workspace/ros2_ws/install/srv_service_temp/share/ament_index/resource_index/parent_prefix_path/srv_service_temp
-- Up-to-date: /workspace/ros2_ws/install/srv_service_temp/share/srv_service_temp/environment/ament_prefix_path.sh
-- Up-to-date: /workspace/ros2_ws/install/srv_service_temp/share/srv_service_temp/environment/ament_prefix_path.dsv
-- Up-to-date: /workspace/ros2_ws/install/srv_service_temp/share/srv_service_temp/environment/path.sh
-- Up-to-date: /workspace/ros2_ws/install/srv_service_temp/share/srv_service_temp/environment/path.dsv
-- Up-to-date: /workspace/ros2_ws/install/srv_service_temp/share/srv_service_temp/local_setup.bash
-- Up-to-date: /workspace/ros2_ws/install/srv_service_temp/share/srv_service_temp/local_setup.sh
-- Up-to-date: /workspace/ros2_ws/install/srv_service_temp/share/srv_service_temp/local_setup.zsh
-- Up-to-date: /workspace/ros2_ws/install/srv_service_temp/share/srv_service_temp/local_setup.dsv
-- Installing: /workspace/ros2_ws/install/srv_service_temp/share/srv_service_temp/package.dsv
-- Up-to-date: /workspace/ros2_ws/install/srv_service_temp/share/ament_index/resource_index/packages/srv_service_temp
-- Up-to-date: /workspace/ros2_ws/install/srv_service_temp/share/srv_service_temp/cmake/export_srv_service_temp__rosidl_generator_cExport.cmake
-- Up-to-date: /workspace/ros2_ws/install/srv_service_temp/share/srv_service_temp/cmake/export_srv_service_temp__rosidl_generator_cExport-noconfig.cmake
-- Up-to-date: /workspace/ros2_ws/install/srv_service_temp/share/srv_service_temp/cmake/export_srv_service_temp__rosidl_typesupport_fastrtps_cExport.cmake
-- Up-to-date: /workspace/ros2_ws/install/srv_service_temp/share/srv_service_temp/cmake/export_srv_service_temp__rosidl_typesupport_fastrtps_cExport-noconfig.cmake
-- Up-to-date: /workspace/ros2_ws/install/srv_service_temp/share/srv_service_temp/cmake/srv_service_temp__rosidl_typesupport_introspection_cExport.cmake
-- Up-to-date: /workspace/ros2_ws/install/srv_service_temp/share/srv_service_temp/cmake/srv_service_temp__rosidl_typesupport_introspection_cExport-noconfig.cmake
-- Up-to-date: /workspace/ros2_ws/install/srv_service_temp/share/srv_service_temp/cmake/srv_service_temp__rosidl_typesupport_cExport.cmake
-- Up-to-date: /workspace/ros2_ws/install/srv_service_temp/share/srv_service_temp/cmake/srv_service_temp__rosidl_typesupport_cExport-noconfig.cmake
-- Up-to-date: /workspace/ros2_ws/install/srv_service_temp/share/srv_service_temp/cmake/export_srv_service_temp__rosidl_generator_cppExport.cmake
-- Up-to-date: /workspace/ros2_ws/install/srv_service_temp/share/srv_service_temp/cmake/export_srv_service_temp__rosidl_typesupport_fastrtps_cppExport.cmake
-- Up-to-date: /workspace/ros2_ws/install/srv_service_temp/share/srv_service_temp/cmake/export_srv_service_temp__rosidl_typesupport_fastrtps_cppExport-noconfig.cmake
-- Up-to-date: /workspace/ros2_ws/install/srv_service_temp/share/srv_service_temp/cmake/srv_service_temp__rosidl_typesupport_introspection_cppExport.cmake
-- Up-to-date: /workspace/ros2_ws/install/srv_service_temp/share/srv_service_temp/cmake/srv_service_temp__rosidl_typesupport_introspection_cppExport-noconfig.cmake
-- Up-to-date: /workspace/ros2_ws/install/srv_service_temp/share/srv_service_temp/cmake/srv_service_temp__rosidl_typesupport_cppExport.cmake
-- Up-to-date: /workspace/ros2_ws/install/srv_service_temp/share/srv_service_temp/cmake/srv_service_temp__rosidl_typesupport_cppExport-noconfig.cmake
-- Up-to-date: /workspace/ros2_ws/install/srv_service_temp/share/srv_service_temp/cmake/export_srv_service_temp__rosidl_generator_pyExport.cmake
-- Up-to-date: /workspace/ros2_ws/install/srv_service_temp/share/srv_service_temp/cmake/export_srv_service_temp__rosidl_generator_pyExport-noconfig.cmake
-- Up-to-date: /workspace/ros2_ws/install/srv_service_temp/share/srv_service_temp/cmake/rosidl_cmake-extras.cmake
-- Up-to-date: /workspace/ros2_ws/install/srv_service_temp/share/srv_service_temp/cmake/ament_cmake_export_include_directories-extras.cmake
-- Up-to-date: /workspace/ros2_ws/install/srv_service_temp/share/srv_service_temp/cmake/ament_cmake_export_libraries-extras.cmake
-- Up-to-date: /workspace/ros2_ws/install/srv_service_temp/share/srv_service_temp/cmake/ament_cmake_export_targets-extras.cmake
-- Up-to-date: /workspace/ros2_ws/install/srv_service_temp/share/srv_service_temp/cmake/rosidl_cmake_export_typesupport_targets-extras.cmake
-- Up-to-date: /workspace/ros2_ws/install/srv_service_temp/share/srv_service_temp/cmake/ament_cmake_export_dependencies-extras.cmake
-- Up-to-date: /workspace/ros2_ws/install/srv_service_temp/share/srv_service_temp/cmake/rosidl_cmake_export_typesupport_libraries-extras.cmake
-- Up-to-date: /workspace/ros2_ws/install/srv_service_temp/share/srv_service_temp/cmake/srv_service_tempConfig.cmake
-- Up-to-date: /workspace/ros2_ws/install/srv_service_temp/share/srv_service_temp/cmake/srv_service_tempConfig-version.cmake
-- Up-to-date: /workspace/ros2_ws/install/srv_service_temp/share/srv_service_temp/package.xml
