[0.036s] Invoking command in '/workspace/ros2_ws/build/srv_service_temp': CMAKE_PREFIX_PATH=${CMAKE_PREFIX_PATH}:/workspace/ros2_ws/install/pruebaPregunta2:/workspace/ros2_ws/install/service_temp:/opt/ros/humble /usr/bin/cmake --build /workspace/ros2_ws/build/srv_service_temp -- -j16 -l16
[0.146s] [  3%] Built target srv_service_temp__cpp
[0.148s] [ 12%] Built target srv_service_temp__rosidl_generator_c
[0.163s] [ 12%] Built target ament_cmake_python_copy_srv_service_temp
[0.197s] [ 22%] Built target srv_service_temp__rosidl_typesupport_introspection_cpp
[0.201s] [ 38%] Built target srv_service_temp__rosidl_typesupport_c
[0.201s] [ 41%] Built target srv_service_temp__rosidl_typesupport_introspection_c
[0.201s] [ 51%] Built target srv_service_temp__rosidl_typesupport_cpp
[0.203s] [ 61%] Built target srv_service_temp__rosidl_typesupport_fastrtps_cpp
[0.207s] [ 70%] Built target srv_service_temp__rosidl_typesupport_fastrtps_c
[0.248s] [ 70%] Built target srv_service_temp
[0.283s] [ 74%] Built target srv_service_temp__py
[0.326s] [ 80%] Built target srv_service_temp__rosidl_generator_py
[0.365s] [ 87%] Built target srv_service_temp__rosidl_typesupport_fastrtps_c__pyext
[0.371s] [ 93%] Built target srv_service_temp__rosidl_typesupport_introspection_c__pyext
[0.374s] [100%] Built target srv_service_temp__rosidl_typesupport_c__pyext
[0.559s] running egg_info
[0.561s] writing srv_service_temp.egg-info/PKG-INFO
[0.562s] writing dependency_links to srv_service_temp.egg-info/dependency_links.txt
[0.563s] writing top-level names to srv_service_temp.egg-info/top_level.txt
[0.568s] reading manifest file 'srv_service_temp.egg-info/SOURCES.txt'
[0.569s] writing manifest file 'srv_service_temp.egg-info/SOURCES.txt'
[0.650s] [100%] Built target ament_cmake_python_build_srv_service_temp_egg
[0.677s] Invoked command in '/workspace/ros2_ws/build/srv_service_temp' returned '0': CMAKE_PREFIX_PATH=${CMAKE_PREFIX_PATH}:/workspace/ros2_ws/install/pruebaPregunta2:/workspace/ros2_ws/install/service_temp:/opt/ros/humble /usr/bin/cmake --build /workspace/ros2_ws/build/srv_service_temp -- -j16 -l16
[0.697s] Invoking command in '/workspace/ros2_ws/build/srv_service_temp': CMAKE_PREFIX_PATH=${CMAKE_PREFIX_PATH}:/workspace/ros2_ws/install/pruebaPregunta2:/workspace/ros2_ws/install/service_temp:/opt/ros/humble /usr/bin/cmake --install /workspace/ros2_ws/build/srv_service_temp
[0.715s] -- Install configuration: ""
[0.716s] -- Up-to-date: /workspace/ros2_ws/install/srv_service_temp/share/ament_index/resource_index/rosidl_interfaces/srv_service_temp
[0.716s] -- Up-to-date: /workspace/ros2_ws/install/srv_service_temp/include/srv_service_temp/srv_service_temp
[0.717s] -- Up-to-date: /workspace/ros2_ws/install/srv_service_temp/include/srv_service_temp/srv_service_temp/msg
[0.717s] -- Up-to-date: /workspace/ros2_ws/install/srv_service_temp/include/srv_service_temp/srv_service_temp/msg/rosidl_generator_c__visibility_control.h
[0.718s] -- Up-to-date: /workspace/ros2_ws/install/srv_service_temp/include/srv_service_temp/srv_service_temp/srv
[0.718s] -- Up-to-date: /workspace/ros2_ws/install/srv_service_temp/include/srv_service_temp/srv_service_temp/srv/conversion.h
[0.718s] -- Up-to-date: /workspace/ros2_ws/install/srv_service_temp/include/srv_service_temp/srv_service_temp/srv/detail
[0.719s] -- Up-to-date: /workspace/ros2_ws/install/srv_service_temp/include/srv_service_temp/srv_service_temp/srv/detail/conversion__type_support.h
[0.719s] -- Up-to-date: /workspace/ros2_ws/install/srv_service_temp/include/srv_service_temp/srv_service_temp/srv/detail/conversion__functions.h
[0.719s] -- Up-to-date: /workspace/ros2_ws/install/srv_service_temp/include/srv_service_temp/srv_service_temp/srv/detail/conversion__struct.h
[0.719s] -- Up-to-date: /workspace/ros2_ws/install/srv_service_temp/include/srv_service_temp/srv_service_temp/srv/detail/conversion__functions.c
[0.719s] -- Up-to-date: /workspace/ros2_ws/install/srv_service_temp/share/srv_service_temp/environment/library_path.sh
[0.719s] -- Up-to-date: /workspace/ros2_ws/install/srv_service_temp/share/srv_service_temp/environment/library_path.dsv
[0.720s] -- Up-to-date: /workspace/ros2_ws/install/srv_service_temp/lib/libsrv_service_temp__rosidl_generator_c.so
[0.720s] -- Up-to-date: /workspace/ros2_ws/install/srv_service_temp/include/srv_service_temp/srv_service_temp
[0.720s] -- Up-to-date: /workspace/ros2_ws/install/srv_service_temp/include/srv_service_temp/srv_service_temp/msg
[0.720s] -- Up-to-date: /workspace/ros2_ws/install/srv_service_temp/include/srv_service_temp/srv_service_temp/msg/rosidl_typesupport_fastrtps_c__visibility_control.h
[0.720s] -- Up-to-date: /workspace/ros2_ws/install/srv_service_temp/include/srv_service_temp/srv_service_temp/srv
[0.720s] -- Up-to-date: /workspace/ros2_ws/install/srv_service_temp/include/srv_service_temp/srv_service_temp/srv/detail
[0.720s] -- Up-to-date: /workspace/ros2_ws/install/srv_service_temp/include/srv_service_temp/srv_service_temp/srv/detail/conversion__rosidl_typesupport_fastrtps_c.h
[0.721s] -- Up-to-date: /workspace/ros2_ws/install/srv_service_temp/lib/libsrv_service_temp__rosidl_typesupport_fastrtps_c.so
[0.721s] -- Up-to-date: /workspace/ros2_ws/install/srv_service_temp/include/srv_service_temp/srv_service_temp
[0.722s] -- Up-to-date: /workspace/ros2_ws/install/srv_service_temp/include/srv_service_temp/srv_service_temp/msg
[0.722s] -- Up-to-date: /workspace/ros2_ws/install/srv_service_temp/include/srv_service_temp/srv_service_temp/msg/rosidl_typesupport_introspection_c__visibility_control.h
[0.722s] -- Up-to-date: /workspace/ros2_ws/install/srv_service_temp/include/srv_service_temp/srv_service_temp/srv
[0.722s] -- Up-to-date: /workspace/ros2_ws/install/srv_service_temp/include/srv_service_temp/srv_service_temp/srv/detail
[0.722s] -- Up-to-date: /workspace/ros2_ws/install/srv_service_temp/include/srv_service_temp/srv_service_temp/srv/detail/conversion__type_support.c
[0.722s] -- Up-to-date: /workspace/ros2_ws/install/srv_service_temp/include/srv_service_temp/srv_service_temp/srv/detail/conversion__rosidl_typesupport_introspection_c.h
[0.722s] -- Up-to-date: /workspace/ros2_ws/install/srv_service_temp/lib/libsrv_service_temp__rosidl_typesupport_introspection_c.so
[0.723s] -- Up-to-date: /workspace/ros2_ws/install/srv_service_temp/lib/libsrv_service_temp__rosidl_typesupport_c.so
[0.723s] -- Up-to-date: /workspace/ros2_ws/install/srv_service_temp/include/srv_service_temp/srv_service_temp
[0.723s] -- Up-to-date: /workspace/ros2_ws/install/srv_service_temp/include/srv_service_temp/srv_service_temp/msg
[0.723s] -- Up-to-date: /workspace/ros2_ws/install/srv_service_temp/include/srv_service_temp/srv_service_temp/msg/rosidl_generator_cpp__visibility_control.hpp
[0.724s] -- Up-to-date: /workspace/ros2_ws/install/srv_service_temp/include/srv_service_temp/srv_service_temp/srv
[0.724s] -- Up-to-date: /workspace/ros2_ws/install/srv_service_temp/include/srv_service_temp/srv_service_temp/srv/conversion.hpp
[0.724s] -- Up-to-date: /workspace/ros2_ws/install/srv_service_temp/include/srv_service_temp/srv_service_temp/srv/detail
[0.724s] -- Up-to-date: /workspace/ros2_ws/install/srv_service_temp/include/srv_service_temp/srv_service_temp/srv/detail/conversion__builder.hpp
[0.724s] -- Up-to-date: /workspace/ros2_ws/install/srv_service_temp/include/srv_service_temp/srv_service_temp/srv/detail/conversion__traits.hpp
[0.724s] -- Up-to-date: /workspace/ros2_ws/install/srv_service_temp/include/srv_service_temp/srv_service_temp/srv/detail/conversion__type_support.hpp
[0.724s] -- Up-to-date: /workspace/ros2_ws/install/srv_service_temp/include/srv_service_temp/srv_service_temp/srv/detail/conversion__struct.hpp
[0.725s] -- Up-to-date: /workspace/ros2_ws/install/srv_service_temp/include/srv_service_temp/srv_service_temp
[0.725s] -- Up-to-date: /workspace/ros2_ws/install/srv_service_temp/include/srv_service_temp/srv_service_temp/msg
[0.725s] -- Up-to-date: /workspace/ros2_ws/install/srv_service_temp/include/srv_service_temp/srv_service_temp/msg/rosidl_typesupport_fastrtps_cpp__visibility_control.h
[0.725s] -- Up-to-date: /workspace/ros2_ws/install/srv_service_temp/include/srv_service_temp/srv_service_temp/srv
[0.726s] -- Up-to-date: /workspace/ros2_ws/install/srv_service_temp/include/srv_service_temp/srv_service_temp/srv/detail
[0.726s] -- Up-to-date: /workspace/ros2_ws/install/srv_service_temp/include/srv_service_temp/srv_service_temp/srv/detail/conversion__rosidl_typesupport_fastrtps_cpp.hpp
[0.726s] -- Up-to-date: /workspace/ros2_ws/install/srv_service_temp/include/srv_service_temp/srv_service_temp/srv/detail/dds_fastrtps
[0.726s] -- Up-to-date: /workspace/ros2_ws/install/srv_service_temp/lib/libsrv_service_temp__rosidl_typesupport_fastrtps_cpp.so
[0.727s] -- Up-to-date: /workspace/ros2_ws/install/srv_service_temp/include/srv_service_temp/srv_service_temp
[0.727s] -- Up-to-date: /workspace/ros2_ws/install/srv_service_temp/include/srv_service_temp/srv_service_temp/srv
[0.727s] -- Up-to-date: /workspace/ros2_ws/install/srv_service_temp/include/srv_service_temp/srv_service_temp/srv/detail
[0.727s] -- Up-to-date: /workspace/ros2_ws/install/srv_service_temp/include/srv_service_temp/srv_service_temp/srv/detail/conversion__type_support.cpp
[0.728s] -- Up-to-date: /workspace/ros2_ws/install/srv_service_temp/include/srv_service_temp/srv_service_temp/srv/detail/conversion__rosidl_typesupport_introspection_cpp.hpp
[0.728s] -- Up-to-date: /workspace/ros2_ws/install/srv_service_temp/lib/libsrv_service_temp__rosidl_typesupport_introspection_cpp.so
[0.728s] -- Up-to-date: /workspace/ros2_ws/install/srv_service_temp/lib/libsrv_service_temp__rosidl_typesupport_cpp.so
[0.728s] -- Up-to-date: /workspace/ros2_ws/install/srv_service_temp/share/srv_service_temp/environment/pythonpath.sh
[0.728s] -- Up-to-date: /workspace/ros2_ws/install/srv_service_temp/share/srv_service_temp/environment/pythonpath.dsv
[0.728s] -- Up-to-date: /workspace/ros2_ws/install/srv_service_temp/local/lib/python3.10/dist-packages/srv_service_temp-0.0.0-py3.10.egg-info
[0.729s] -- Installing: /workspace/ros2_ws/install/srv_service_temp/local/lib/python3.10/dist-packages/srv_service_temp-0.0.0-py3.10.egg-info/SOURCES.txt
[0.729s] -- Installing: /workspace/ros2_ws/install/srv_service_temp/local/lib/python3.10/dist-packages/srv_service_temp-0.0.0-py3.10.egg-info/dependency_links.txt
[0.729s] -- Installing: /workspace/ros2_ws/install/srv_service_temp/local/lib/python3.10/dist-packages/srv_service_temp-0.0.0-py3.10.egg-info/PKG-INFO
[0.729s] -- Installing: /workspace/ros2_ws/install/srv_service_temp/local/lib/python3.10/dist-packages/srv_service_temp-0.0.0-py3.10.egg-info/top_level.txt
[0.729s] -- Up-to-date: /workspace/ros2_ws/install/srv_service_temp/local/lib/python3.10/dist-packages/srv_service_temp
[0.729s] -- Up-to-date: /workspace/ros2_ws/install/srv_service_temp/local/lib/python3.10/dist-packages/srv_service_temp/srv_service_temp_s__rosidl_typesupport_c.cpython-310-x86_64-linux-gnu.so
[0.730s] -- Up-to-date: /workspace/ros2_ws/install/srv_service_temp/local/lib/python3.10/dist-packages/srv_service_temp/_srv_service_temp_s.ep.rosidl_typesupport_fastrtps_c.c
[0.730s] -- Up-to-date: /workspace/ros2_ws/install/srv_service_temp/local/lib/python3.10/dist-packages/srv_service_temp/libsrv_service_temp__rosidl_generator_py.so
[0.730s] -- Up-to-date: /workspace/ros2_ws/install/srv_service_temp/local/lib/python3.10/dist-packages/srv_service_temp/_srv_service_temp_s.ep.rosidl_typesupport_c.c
[0.730s] -- Up-to-date: /workspace/ros2_ws/install/srv_service_temp/local/lib/python3.10/dist-packages/srv_service_temp/_srv_service_temp_s.ep.rosidl_typesupport_introspection_c.c
[0.730s] -- Up-to-date: /workspace/ros2_ws/install/srv_service_temp/local/lib/python3.10/dist-packages/srv_service_temp/srv_service_temp_s__rosidl_typesupport_fastrtps_c.cpython-310-x86_64-linux-gnu.so
[0.730s] -- Up-to-date: /workspace/ros2_ws/install/srv_service_temp/local/lib/python3.10/dist-packages/srv_service_temp/srv_service_temp_s__rosidl_typesupport_introspection_c.cpython-310-x86_64-linux-gnu.so
[0.730s] -- Up-to-date: /workspace/ros2_ws/install/srv_service_temp/local/lib/python3.10/dist-packages/srv_service_temp/srv
[0.730s] -- Up-to-date: /workspace/ros2_ws/install/srv_service_temp/local/lib/python3.10/dist-packages/srv_service_temp/srv/_conversion_s.c
[0.730s] -- Up-to-date: /workspace/ros2_ws/install/srv_service_temp/local/lib/python3.10/dist-packages/srv_service_temp/srv/_conversion.py
[0.731s] -- Up-to-date: /workspace/ros2_ws/install/srv_service_temp/local/lib/python3.10/dist-packages/srv_service_temp/srv/__init__.py
[0.731s] -- Up-to-date: /workspace/ros2_ws/install/srv_service_temp/local/lib/python3.10/dist-packages/srv_service_temp/__init__.py
[0.775s] Listing '/workspace/ros2_ws/install/srv_service_temp/local/lib/python3.10/dist-packages/srv_service_temp'...
[0.775s] Listing '/workspace/ros2_ws/install/srv_service_temp/local/lib/python3.10/dist-packages/srv_service_temp/srv'...
[0.786s] -- Up-to-date: /workspace/ros2_ws/install/srv_service_temp/local/lib/python3.10/dist-packages/srv_service_temp/srv_service_temp_s__rosidl_typesupport_fastrtps_c.cpython-310-x86_64-linux-gnu.so
[0.787s] -- Up-to-date: /workspace/ros2_ws/install/srv_service_temp/local/lib/python3.10/dist-packages/srv_service_temp/srv_service_temp_s__rosidl_typesupport_introspection_c.cpython-310-x86_64-linux-gnu.so
[0.788s] -- Up-to-date: /workspace/ros2_ws/install/srv_service_temp/local/lib/python3.10/dist-packages/srv_service_temp/srv_service_temp_s__rosidl_typesupport_c.cpython-310-x86_64-linux-gnu.so
[0.788s] -- Up-to-date: /workspace/ros2_ws/install/srv_service_temp/lib/libsrv_service_temp__rosidl_generator_py.so
[0.789s] -- Up-to-date: /workspace/ros2_ws/install/srv_service_temp/share/srv_service_temp/srv/Conversion.idl
[0.791s] -- Up-to-date: /workspace/ros2_ws/install/srv_service_temp/share/srv_service_temp/srv/Conversion.srv
[0.792s] -- Up-to-date: /workspace/ros2_ws/install/srv_service_temp/share/srv_service_temp/srv/Conversion_Request.msg
[0.792s] -- Up-to-date: /workspace/ros2_ws/install/srv_service_temp/share/srv_service_temp/srv/Conversion_Response.msg
[0.792s] -- Up-to-date: /workspace/ros2_ws/install/srv_service_temp/share/ament_index/resource_index/package_run_dependencies/srv_service_temp
[0.793s] -- Up-to-date: /workspace/ros2_ws/install/srv_service_temp/share/ament_index/resource_index/parent_prefix_path/srv_service_temp
[0.794s] -- Up-to-date: /workspace/ros2_ws/install/srv_service_temp/share/srv_service_temp/environment/ament_prefix_path.sh
[0.795s] -- Up-to-date: /workspace/ros2_ws/install/srv_service_temp/share/srv_service_temp/environment/ament_prefix_path.dsv
[0.796s] -- Up-to-date: /workspace/ros2_ws/install/srv_service_temp/share/srv_service_temp/environment/path.sh
[0.796s] -- Up-to-date: /workspace/ros2_ws/install/srv_service_temp/share/srv_service_temp/environment/path.dsv
[0.797s] -- Up-to-date: /workspace/ros2_ws/install/srv_service_temp/share/srv_service_temp/local_setup.bash
[0.797s] -- Up-to-date: /workspace/ros2_ws/install/srv_service_temp/share/srv_service_temp/local_setup.sh
[0.798s] -- Up-to-date: /workspace/ros2_ws/install/srv_service_temp/share/srv_service_temp/local_setup.zsh
[0.799s] -- Up-to-date: /workspace/ros2_ws/install/srv_service_temp/share/srv_service_temp/local_setup.dsv
[0.799s] -- Installing: /workspace/ros2_ws/install/srv_service_temp/share/srv_service_temp/package.dsv
[0.803s] -- Up-to-date: /workspace/ros2_ws/install/srv_service_temp/share/ament_index/resource_index/packages/srv_service_temp
[0.804s] -- Up-to-date: /workspace/ros2_ws/install/srv_service_temp/share/srv_service_temp/cmake/export_srv_service_temp__rosidl_generator_cExport.cmake
[0.804s] -- Up-to-date: /workspace/ros2_ws/install/srv_service_temp/share/srv_service_temp/cmake/export_srv_service_temp__rosidl_generator_cExport-noconfig.cmake
[0.804s] -- Up-to-date: /workspace/ros2_ws/install/srv_service_temp/share/srv_service_temp/cmake/export_srv_service_temp__rosidl_typesupport_fastrtps_cExport.cmake
[0.804s] -- Up-to-date: /workspace/ros2_ws/install/srv_service_temp/share/srv_service_temp/cmake/export_srv_service_temp__rosidl_typesupport_fastrtps_cExport-noconfig.cmake
[0.804s] -- Up-to-date: /workspace/ros2_ws/install/srv_service_temp/share/srv_service_temp/cmake/srv_service_temp__rosidl_typesupport_introspection_cExport.cmake
[0.804s] -- Up-to-date: /workspace/ros2_ws/install/srv_service_temp/share/srv_service_temp/cmake/srv_service_temp__rosidl_typesupport_introspection_cExport-noconfig.cmake
[0.804s] -- Up-to-date: /workspace/ros2_ws/install/srv_service_temp/share/srv_service_temp/cmake/srv_service_temp__rosidl_typesupport_cExport.cmake
[0.806s] -- Up-to-date: /workspace/ros2_ws/install/srv_service_temp/share/srv_service_temp/cmake/srv_service_temp__rosidl_typesupport_cExport-noconfig.cmake
[0.806s] -- Up-to-date: /workspace/ros2_ws/install/srv_service_temp/share/srv_service_temp/cmake/export_srv_service_temp__rosidl_generator_cppExport.cmake
[0.806s] -- Up-to-date: /workspace/ros2_ws/install/srv_service_temp/share/srv_service_temp/cmake/export_srv_service_temp__rosidl_typesupport_fastrtps_cppExport.cmake
[0.806s] -- Up-to-date: /workspace/ros2_ws/install/srv_service_temp/share/srv_service_temp/cmake/export_srv_service_temp__rosidl_typesupport_fastrtps_cppExport-noconfig.cmake
[0.806s] -- Up-to-date: /workspace/ros2_ws/install/srv_service_temp/share/srv_service_temp/cmake/srv_service_temp__rosidl_typesupport_introspection_cppExport.cmake
[0.806s] -- Up-to-date: /workspace/ros2_ws/install/srv_service_temp/share/srv_service_temp/cmake/srv_service_temp__rosidl_typesupport_introspection_cppExport-noconfig.cmake
[0.807s] -- Up-to-date: /workspace/ros2_ws/install/srv_service_temp/share/srv_service_temp/cmake/srv_service_temp__rosidl_typesupport_cppExport.cmake
[0.807s] -- Up-to-date: /workspace/ros2_ws/install/srv_service_temp/share/srv_service_temp/cmake/srv_service_temp__rosidl_typesupport_cppExport-noconfig.cmake
[0.807s] -- Up-to-date: /workspace/ros2_ws/install/srv_service_temp/share/srv_service_temp/cmake/export_srv_service_temp__rosidl_generator_pyExport.cmake
[0.807s] -- Up-to-date: /workspace/ros2_ws/install/srv_service_temp/share/srv_service_temp/cmake/export_srv_service_temp__rosidl_generator_pyExport-noconfig.cmake
[0.807s] -- Up-to-date: /workspace/ros2_ws/install/srv_service_temp/share/srv_service_temp/cmake/rosidl_cmake-extras.cmake
[0.808s] -- Up-to-date: /workspace/ros2_ws/install/srv_service_temp/share/srv_service_temp/cmake/ament_cmake_export_include_directories-extras.cmake
[0.808s] -- Up-to-date: /workspace/ros2_ws/install/srv_service_temp/share/srv_service_temp/cmake/ament_cmake_export_libraries-extras.cmake
[0.808s] -- Up-to-date: /workspace/ros2_ws/install/srv_service_temp/share/srv_service_temp/cmake/ament_cmake_export_targets-extras.cmake
[0.808s] -- Up-to-date: /workspace/ros2_ws/install/srv_service_temp/share/srv_service_temp/cmake/rosidl_cmake_export_typesupport_targets-extras.cmake
[0.808s] -- Up-to-date: /workspace/ros2_ws/install/srv_service_temp/share/srv_service_temp/cmake/ament_cmake_export_dependencies-extras.cmake
[0.809s] -- Up-to-date: /workspace/ros2_ws/install/srv_service_temp/share/srv_service_temp/cmake/rosidl_cmake_export_typesupport_libraries-extras.cmake
[0.809s] -- Up-to-date: /workspace/ros2_ws/install/srv_service_temp/share/srv_service_temp/cmake/srv_service_tempConfig.cmake
[0.810s] -- Up-to-date: /workspace/ros2_ws/install/srv_service_temp/share/srv_service_temp/cmake/srv_service_tempConfig-version.cmake
[0.810s] -- Up-to-date: /workspace/ros2_ws/install/srv_service_temp/share/srv_service_temp/package.xml
[0.816s] Invoked command in '/workspace/ros2_ws/build/srv_service_temp' returned '0': CMAKE_PREFIX_PATH=${CMAKE_PREFIX_PATH}:/workspace/ros2_ws/install/pruebaPregunta2:/workspace/ros2_ws/install/service_temp:/opt/ros/humble /usr/bin/cmake --install /workspace/ros2_ws/build/srv_service_temp
