[0.027s] Invoking command in '/workspace/ros2_ws/build/battery_act': CMAKE_PREFIX_PATH=${CMAKE_PREFIX_PATH}:/workspace/ros2_ws/install/pruebaPregunta2:/workspace/ros2_ws/install/service_temp:/opt/ros/humble /usr/bin/cmake /workspace/ros2_ws/src/battery_act -DCMAKE_INSTALL_PREFIX=/workspace/ros2_ws/install/battery_act
[0.108s] -- The C compiler identification is GNU 11.4.0
[0.185s] -- The CXX compiler identification is GNU 11.4.0
[0.197s] -- Detecting C compiler ABI info
[0.301s] -- Detecting C compiler ABI info - done
[0.317s] -- Check for working C compiler: /usr/bin/cc - skipped
[0.318s] -- Detecting C compile features
[0.318s] -- Detecting C compile features - done
[0.323s] -- Detecting CXX compiler ABI info
[0.432s] -- Detecting CXX compiler ABI info - done
[0.443s] -- Check for working CXX compiler: /usr/bin/c++ - skipped
[0.444s] -- Detecting CXX compile features
[0.445s] -- Detecting CXX compile features - done
[0.449s] -- Found ament_cmake: 1.3.11 (/opt/ros/humble/share/ament_cmake/cmake)
[0.639s] -- Found Python3: /usr/bin/python3 (found version "3.10.12") found components: Interpreter 
[0.754s] -- Found rosidl_default_generators: 1.2.0 (/opt/ros/humble/share/rosidl_default_generators/cmake)
[0.761s] -- Using all available rosidl_typesupport_c: rosidl_typesupport_fastrtps_c;rosidl_typesupport_introspection_c
[0.769s] -- Found rosidl_adapter: 3.1.6 (/opt/ros/humble/share/rosidl_adapter/cmake)
[0.812s] -- Using all available rosidl_typesupport_cpp: rosidl_typesupport_fastrtps_cpp;rosidl_typesupport_introspection_cpp
[1.197s] -- Found ament_cmake_ros: 0.10.0 (/opt/ros/humble/share/ament_cmake_ros/cmake)
[1.448s] -- Using all available rosidl_typesupport_c: rosidl_typesupport_fastrtps_c;rosidl_typesupport_introspection_c
[1.795s] -- Using all available rosidl_typesupport_cpp: rosidl_typesupport_fastrtps_cpp;rosidl_typesupport_introspection_cpp
[1.828s] -- Found PythonInterp: /usr/bin/python3 (found suitable version "3.10.12", minimum required is "3.6") 
[1.834s] -- Found python_cmake_module: 0.10.0 (/opt/ros/humble/share/python_cmake_module/cmake)
[1.874s] -- Found PythonLibs: /usr/lib/x86_64-linux-gnu/libpython3.10.so (found suitable version "3.10.12", minimum required is "3.5") 
[1.875s] -- Using PYTHON_EXECUTABLE: /usr/bin/python3
[1.875s] -- Using PYTHON_INCLUDE_DIRS: /usr/include/python3.10
[1.875s] -- Using PYTHON_LIBRARIES: /usr/lib/x86_64-linux-gnu/libpython3.10.so
[1.904s] -- Found PythonExtra: .so  
[1.961s] -- Found ament_lint_auto: 0.12.12 (/opt/ros/humble/share/ament_lint_auto/cmake)
[1.985s] -- Added test 'flake8' to check Python code syntax and style conventions
[1.986s] -- Added test 'lint_cmake' to check CMake code style
[1.986s] -- Added test 'pep257' to check Python code against some of the docstring style conventions in PEP 257
[1.988s] -- Added test 'xmllint' to check XML markup files
[1.990s] -- Configuring done
[2.022s] -- Generating done
[2.042s] -- Build files have been written to: /workspace/ros2_ws/build/battery_act
[2.050s] Invoked command in '/workspace/ros2_ws/build/battery_act' returned '0': CMAKE_PREFIX_PATH=${CMAKE_PREFIX_PATH}:/workspace/ros2_ws/install/pruebaPregunta2:/workspace/ros2_ws/install/service_temp:/opt/ros/humble /usr/bin/cmake /workspace/ros2_ws/src/battery_act -DCMAKE_INSTALL_PREFIX=/workspace/ros2_ws/install/battery_act
[2.053s] Invoking command in '/workspace/ros2_ws/build/battery_act': CMAKE_PREFIX_PATH=${CMAKE_PREFIX_PATH}:/workspace/ros2_ws/install/pruebaPregunta2:/workspace/ros2_ws/install/service_temp:/opt/ros/humble /usr/bin/cmake --build /workspace/ros2_ws/build/battery_act -- -j16 -l16
[2.105s] [  3%] [34m[1mGenerating C code for ROS interfaces[0m
[2.118s] [  6%] [34m[1mGenerating C++ code for ROS interfaces[0m
[2.128s] [  6%] Built target ament_cmake_python_copy_battery_act
[2.412s] running egg_info
[2.413s] creating battery_act.egg-info
[2.413s] writing battery_act.egg-info/PKG-INFO
[2.413s] writing dependency_links to battery_act.egg-info/dependency_links.txt
[2.414s] writing top-level names to battery_act.egg-info/top_level.txt
[2.414s] writing manifest file 'battery_act.egg-info/SOURCES.txt'
[2.417s] reading manifest file 'battery_act.egg-info/SOURCES.txt'
[2.417s] writing manifest file 'battery_act.egg-info/SOURCES.txt'
[2.464s] [  6%] Built target ament_cmake_python_build_battery_act_egg
[2.674s] [  9%] [32mBuilding C object CMakeFiles/battery_act__rosidl_generator_c.dir/rosidl_generator_c/battery_act/action/detail/battery__functions.c.o[0m
[2.715s] [  9%] Built target battery_act__cpp
[2.728s] [ 12%] [34m[1mGenerating C++ type support for eProsima Fast-RTPS[0m
[2.730s] [ 16%] [34m[1mGenerating C++ type support dispatch for ROS interfaces[0m
[2.734s] [ 19%] [34m[1mGenerating C++ introspection for ROS interfaces[0m
[2.879s] [ 22%] [32m[1mLinking C shared library libbattery_act__rosidl_generator_c.so[0m
[2.954s] [ 22%] Built target battery_act__rosidl_generator_c
[2.969s] [ 29%] [34m[1mGenerating C type support for eProsima Fast-RTPS[0m
[2.969s] [ 29%] [34m[1mGenerating C type support dispatch for ROS interfaces[0m
[2.970s] [ 32%] [34m[1mGenerating C introspection for ROS interfaces[0m
[3.257s] [ 35%] [32mBuilding CXX object CMakeFiles/battery_act__rosidl_typesupport_cpp.dir/rosidl_typesupport_cpp/battery_act/action/battery__type_support.cpp.o[0m
[3.313s] [ 38%] [32mBuilding CXX object CMakeFiles/battery_act__rosidl_typesupport_introspection_cpp.dir/rosidl_typesupport_introspection_cpp/battery_act/action/detail/battery__type_support.cpp.o[0m
[3.350s] [ 41%] [32mBuilding CXX object CMakeFiles/battery_act__rosidl_typesupport_fastrtps_cpp.dir/rosidl_typesupport_fastrtps_cpp/battery_act/action/detail/dds_fastrtps/battery__type_support.cpp.o[0m
[3.411s] [ 45%] [32mBuilding CXX object CMakeFiles/battery_act__rosidl_typesupport_c.dir/rosidl_typesupport_c/battery_act/action/battery__type_support.cpp.o[0m
[3.487s] [ 48%] [32m[1mLinking CXX shared library libbattery_act__rosidl_typesupport_c.so[0m
[3.549s] [ 48%] Built target battery_act__rosidl_typesupport_c
[3.549s] [ 51%] [32mBuilding C object CMakeFiles/battery_act__rosidl_typesupport_introspection_c.dir/rosidl_typesupport_introspection_c/battery_act/action/detail/battery__type_support.c.o[0m
[3.609s] [ 54%] [32m[1mLinking C shared library libbattery_act__rosidl_typesupport_introspection_c.so[0m
[3.612s] [ 58%] [32mBuilding CXX object CMakeFiles/battery_act__rosidl_typesupport_fastrtps_c.dir/rosidl_typesupport_fastrtps_c/battery_act/action/detail/battery__type_support_c.cpp.o[0m
[3.650s] [ 58%] Built target battery_act__rosidl_typesupport_introspection_c
[3.748s] [ 61%] [32m[1mLinking CXX shared library libbattery_act__rosidl_typesupport_cpp.so[0m
[3.805s] [ 61%] Built target battery_act__rosidl_typesupport_cpp
[3.916s] [ 64%] [32m[1mLinking CXX shared library libbattery_act__rosidl_typesupport_fastrtps_cpp.so[0m
[3.938s] [ 67%] [32m[1mLinking CXX shared library libbattery_act__rosidl_typesupport_introspection_cpp.so[0m
[3.989s] [ 70%] [32m[1mLinking CXX shared library libbattery_act__rosidl_typesupport_fastrtps_c.so[0m
[4.036s] [ 70%] Built target battery_act__rosidl_typesupport_fastrtps_cpp
[4.061s] [ 70%] Built target battery_act__rosidl_typesupport_introspection_cpp
[4.098s] [ 70%] Built target battery_act__rosidl_typesupport_fastrtps_c
[4.131s] [ 70%] Built target battery_act
[4.166s] [ 74%] [34m[1mGenerating Python code for ROS interfaces[0m
[4.965s] [ 74%] Built target battery_act__py
[4.996s] [ 77%] [32mBuilding C object CMakeFiles/battery_act__rosidl_generator_py.dir/rosidl_generator_py/battery_act/action/_battery_s.c.o[0m
[5.138s] [ 80%] [32m[1mLinking C shared library rosidl_generator_py/battery_act/libbattery_act__rosidl_generator_py.so[0m
[5.203s] [ 80%] Built target battery_act__rosidl_generator_py
[5.233s] [ 83%] [32mBuilding C object CMakeFiles/battery_act__rosidl_typesupport_c__pyext.dir/rosidl_generator_py/battery_act/_battery_act_s.ep.rosidl_typesupport_c.c.o[0m
[5.234s] [ 87%] [32mBuilding C object CMakeFiles/battery_act__rosidl_typesupport_fastrtps_c__pyext.dir/rosidl_generator_py/battery_act/_battery_act_s.ep.rosidl_typesupport_fastrtps_c.c.o[0m
[5.239s] [ 90%] [32mBuilding C object CMakeFiles/battery_act__rosidl_typesupport_introspection_c__pyext.dir/rosidl_generator_py/battery_act/_battery_act_s.ep.rosidl_typesupport_introspection_c.c.o[0m
[5.360s] [ 93%] [32m[1mLinking C shared library rosidl_generator_py/battery_act/battery_act_s__rosidl_typesupport_c.cpython-310-x86_64-linux-gnu.so[0m
[5.368s] [ 96%] [32m[1mLinking C shared library rosidl_generator_py/battery_act/battery_act_s__rosidl_typesupport_introspection_c.cpython-310-x86_64-linux-gnu.so[0m
[5.389s] [100%] [32m[1mLinking C shared library rosidl_generator_py/battery_act/battery_act_s__rosidl_typesupport_fastrtps_c.cpython-310-x86_64-linux-gnu.so[0m
[5.417s] [100%] Built target battery_act__rosidl_typesupport_c__pyext
[5.431s] [100%] Built target battery_act__rosidl_typesupport_introspection_c__pyext
[5.453s] [100%] Built target battery_act__rosidl_typesupport_fastrtps_c__pyext
[5.470s] Invoked command in '/workspace/ros2_ws/build/battery_act' returned '0': CMAKE_PREFIX_PATH=${CMAKE_PREFIX_PATH}:/workspace/ros2_ws/install/pruebaPregunta2:/workspace/ros2_ws/install/service_temp:/opt/ros/humble /usr/bin/cmake --build /workspace/ros2_ws/build/battery_act -- -j16 -l16
[5.473s] Invoking command in '/workspace/ros2_ws/build/battery_act': CMAKE_PREFIX_PATH=${CMAKE_PREFIX_PATH}:/workspace/ros2_ws/install/pruebaPregunta2:/workspace/ros2_ws/install/service_temp:/opt/ros/humble /usr/bin/cmake --install /workspace/ros2_ws/build/battery_act
[5.488s] -- Install configuration: ""
[5.488s] -- Installing: /workspace/ros2_ws/install/battery_act/share/ament_index/resource_index/rosidl_interfaces/battery_act
[5.488s] -- Installing: /workspace/ros2_ws/install/battery_act/include/battery_act/battery_act
[5.489s] -- Installing: /workspace/ros2_ws/install/battery_act/include/battery_act/battery_act/msg
[5.489s] -- Installing: /workspace/ros2_ws/install/battery_act/include/battery_act/battery_act/msg/rosidl_generator_c__visibility_control.h
[5.489s] -- Installing: /workspace/ros2_ws/install/battery_act/include/battery_act/battery_act/action
[5.489s] -- Installing: /workspace/ros2_ws/install/battery_act/include/battery_act/battery_act/action/battery.h
[5.490s] -- Installing: /workspace/ros2_ws/install/battery_act/include/battery_act/battery_act/action/detail
[5.490s] -- Installing: /workspace/ros2_ws/install/battery_act/include/battery_act/battery_act/action/detail/battery__functions.c
[5.490s] -- Installing: /workspace/ros2_ws/install/battery_act/include/battery_act/battery_act/action/detail/battery__struct.h
[5.490s] -- Installing: /workspace/ros2_ws/install/battery_act/include/battery_act/battery_act/action/detail/battery__type_support.h
[5.491s] -- Installing: /workspace/ros2_ws/install/battery_act/include/battery_act/battery_act/action/detail/battery__functions.h
[5.491s] -- Installing: /workspace/ros2_ws/install/battery_act/share/battery_act/environment/library_path.sh
[5.491s] -- Installing: /workspace/ros2_ws/install/battery_act/share/battery_act/environment/library_path.dsv
[5.492s] -- Installing: /workspace/ros2_ws/install/battery_act/lib/libbattery_act__rosidl_generator_c.so
[5.492s] -- Set runtime path of "/workspace/ros2_ws/install/battery_act/lib/libbattery_act__rosidl_generator_c.so" to ""
[5.492s] -- Up-to-date: /workspace/ros2_ws/install/battery_act/include/battery_act/battery_act
[5.492s] -- Up-to-date: /workspace/ros2_ws/install/battery_act/include/battery_act/battery_act/msg
[5.493s] -- Installing: /workspace/ros2_ws/install/battery_act/include/battery_act/battery_act/msg/rosidl_typesupport_fastrtps_c__visibility_control.h
[5.493s] -- Up-to-date: /workspace/ros2_ws/install/battery_act/include/battery_act/battery_act/action
[5.493s] -- Up-to-date: /workspace/ros2_ws/install/battery_act/include/battery_act/battery_act/action/detail
[5.493s] -- Installing: /workspace/ros2_ws/install/battery_act/include/battery_act/battery_act/action/detail/battery__rosidl_typesupport_fastrtps_c.h
[5.493s] -- Installing: /workspace/ros2_ws/install/battery_act/lib/libbattery_act__rosidl_typesupport_fastrtps_c.so
[5.494s] -- Set runtime path of "/workspace/ros2_ws/install/battery_act/lib/libbattery_act__rosidl_typesupport_fastrtps_c.so" to ""
[5.494s] -- Up-to-date: /workspace/ros2_ws/install/battery_act/include/battery_act/battery_act
[5.494s] -- Up-to-date: /workspace/ros2_ws/install/battery_act/include/battery_act/battery_act/msg
[5.494s] -- Installing: /workspace/ros2_ws/install/battery_act/include/battery_act/battery_act/msg/rosidl_typesupport_introspection_c__visibility_control.h
[5.494s] -- Up-to-date: /workspace/ros2_ws/install/battery_act/include/battery_act/battery_act/action
[5.495s] -- Up-to-date: /workspace/ros2_ws/install/battery_act/include/battery_act/battery_act/action/detail
[5.495s] -- Installing: /workspace/ros2_ws/install/battery_act/include/battery_act/battery_act/action/detail/battery__type_support.c
[5.496s] -- Installing: /workspace/ros2_ws/install/battery_act/include/battery_act/battery_act/action/detail/battery__rosidl_typesupport_introspection_c.h
[5.496s] -- Installing: /workspace/ros2_ws/install/battery_act/lib/libbattery_act__rosidl_typesupport_introspection_c.so
[5.496s] -- Set runtime path of "/workspace/ros2_ws/install/battery_act/lib/libbattery_act__rosidl_typesupport_introspection_c.so" to ""
[5.496s] -- Installing: /workspace/ros2_ws/install/battery_act/lib/libbattery_act__rosidl_typesupport_c.so
[5.497s] -- Set runtime path of "/workspace/ros2_ws/install/battery_act/lib/libbattery_act__rosidl_typesupport_c.so" to ""
[5.497s] -- Up-to-date: /workspace/ros2_ws/install/battery_act/include/battery_act/battery_act
[5.497s] -- Up-to-date: /workspace/ros2_ws/install/battery_act/include/battery_act/battery_act/msg
[5.497s] -- Installing: /workspace/ros2_ws/install/battery_act/include/battery_act/battery_act/msg/rosidl_generator_cpp__visibility_control.hpp
[5.497s] -- Up-to-date: /workspace/ros2_ws/install/battery_act/include/battery_act/battery_act/action
[5.497s] -- Installing: /workspace/ros2_ws/install/battery_act/include/battery_act/battery_act/action/battery.hpp
[5.498s] -- Up-to-date: /workspace/ros2_ws/install/battery_act/include/battery_act/battery_act/action/detail
[5.498s] -- Installing: /workspace/ros2_ws/install/battery_act/include/battery_act/battery_act/action/detail/battery__traits.hpp
[5.498s] -- Installing: /workspace/ros2_ws/install/battery_act/include/battery_act/battery_act/action/detail/battery__type_support.hpp
[5.498s] -- Installing: /workspace/ros2_ws/install/battery_act/include/battery_act/battery_act/action/detail/battery__builder.hpp
[5.498s] -- Installing: /workspace/ros2_ws/install/battery_act/include/battery_act/battery_act/action/detail/battery__struct.hpp
[5.498s] -- Up-to-date: /workspace/ros2_ws/install/battery_act/include/battery_act/battery_act
[5.498s] -- Up-to-date: /workspace/ros2_ws/install/battery_act/include/battery_act/battery_act/msg
[5.498s] -- Installing: /workspace/ros2_ws/install/battery_act/include/battery_act/battery_act/msg/rosidl_typesupport_fastrtps_cpp__visibility_control.h
[5.499s] -- Up-to-date: /workspace/ros2_ws/install/battery_act/include/battery_act/battery_act/action
[5.499s] -- Up-to-date: /workspace/ros2_ws/install/battery_act/include/battery_act/battery_act/action/detail
[5.499s] -- Installing: /workspace/ros2_ws/install/battery_act/include/battery_act/battery_act/action/detail/dds_fastrtps
[5.499s] -- Installing: /workspace/ros2_ws/install/battery_act/include/battery_act/battery_act/action/detail/battery__rosidl_typesupport_fastrtps_cpp.hpp
[5.499s] -- Installing: /workspace/ros2_ws/install/battery_act/lib/libbattery_act__rosidl_typesupport_fastrtps_cpp.so
[5.499s] -- Set runtime path of "/workspace/ros2_ws/install/battery_act/lib/libbattery_act__rosidl_typesupport_fastrtps_cpp.so" to ""
[5.500s] -- Up-to-date: /workspace/ros2_ws/install/battery_act/include/battery_act/battery_act
[5.500s] -- Up-to-date: /workspace/ros2_ws/install/battery_act/include/battery_act/battery_act/action
[5.500s] -- Up-to-date: /workspace/ros2_ws/install/battery_act/include/battery_act/battery_act/action/detail
[5.500s] -- Installing: /workspace/ros2_ws/install/battery_act/include/battery_act/battery_act/action/detail/battery__type_support.cpp
[5.500s] -- Installing: /workspace/ros2_ws/install/battery_act/include/battery_act/battery_act/action/detail/battery__rosidl_typesupport_introspection_cpp.hpp
[5.500s] -- Installing: /workspace/ros2_ws/install/battery_act/lib/libbattery_act__rosidl_typesupport_introspection_cpp.so
[5.500s] -- Set runtime path of "/workspace/ros2_ws/install/battery_act/lib/libbattery_act__rosidl_typesupport_introspection_cpp.so" to ""
[5.500s] -- Installing: /workspace/ros2_ws/install/battery_act/lib/libbattery_act__rosidl_typesupport_cpp.so
[5.500s] -- Set runtime path of "/workspace/ros2_ws/install/battery_act/lib/libbattery_act__rosidl_typesupport_cpp.so" to ""
[5.501s] -- Installing: /workspace/ros2_ws/install/battery_act/share/battery_act/environment/pythonpath.sh
[5.501s] -- Installing: /workspace/ros2_ws/install/battery_act/share/battery_act/environment/pythonpath.dsv
[5.501s] -- Installing: /workspace/ros2_ws/install/battery_act/local/lib/python3.10/dist-packages/battery_act-0.0.0-py3.10.egg-info
[5.501s] -- Installing: /workspace/ros2_ws/install/battery_act/local/lib/python3.10/dist-packages/battery_act-0.0.0-py3.10.egg-info/SOURCES.txt
[5.501s] -- Installing: /workspace/ros2_ws/install/battery_act/local/lib/python3.10/dist-packages/battery_act-0.0.0-py3.10.egg-info/dependency_links.txt
[5.501s] -- Installing: /workspace/ros2_ws/install/battery_act/local/lib/python3.10/dist-packages/battery_act-0.0.0-py3.10.egg-info/PKG-INFO
[5.501s] -- Installing: /workspace/ros2_ws/install/battery_act/local/lib/python3.10/dist-packages/battery_act-0.0.0-py3.10.egg-info/top_level.txt
[5.501s] -- Installing: /workspace/ros2_ws/install/battery_act/local/lib/python3.10/dist-packages/battery_act
[5.501s] -- Installing: /workspace/ros2_ws/install/battery_act/local/lib/python3.10/dist-packages/battery_act/battery_act_s__rosidl_typesupport_c.cpython-310-x86_64-linux-gnu.so
[5.502s] -- Installing: /workspace/ros2_ws/install/battery_act/local/lib/python3.10/dist-packages/battery_act/_battery_act_s.ep.rosidl_typesupport_c.c
[5.502s] -- Installing: /workspace/ros2_ws/install/battery_act/local/lib/python3.10/dist-packages/battery_act/libbattery_act__rosidl_generator_py.so
[5.502s] -- Installing: /workspace/ros2_ws/install/battery_act/local/lib/python3.10/dist-packages/battery_act/action
[5.502s] -- Installing: /workspace/ros2_ws/install/battery_act/local/lib/python3.10/dist-packages/battery_act/action/_battery_s.c
[5.502s] -- Installing: /workspace/ros2_ws/install/battery_act/local/lib/python3.10/dist-packages/battery_act/action/_battery.py
[5.502s] -- Installing: /workspace/ros2_ws/install/battery_act/local/lib/python3.10/dist-packages/battery_act/action/__init__.py
[5.502s] -- Installing: /workspace/ros2_ws/install/battery_act/local/lib/python3.10/dist-packages/battery_act/__init__.py
[5.502s] -- Installing: /workspace/ros2_ws/install/battery_act/local/lib/python3.10/dist-packages/battery_act/_battery_act_s.ep.rosidl_typesupport_fastrtps_c.c
[5.502s] -- Installing: /workspace/ros2_ws/install/battery_act/local/lib/python3.10/dist-packages/battery_act/battery_act_s__rosidl_typesupport_fastrtps_c.cpython-310-x86_64-linux-gnu.so
[5.502s] -- Installing: /workspace/ros2_ws/install/battery_act/local/lib/python3.10/dist-packages/battery_act/_battery_act_s.ep.rosidl_typesupport_introspection_c.c
[5.503s] -- Installing: /workspace/ros2_ws/install/battery_act/local/lib/python3.10/dist-packages/battery_act/battery_act_s__rosidl_typesupport_introspection_c.cpython-310-x86_64-linux-gnu.so
[5.549s] Listing '/workspace/ros2_ws/install/battery_act/local/lib/python3.10/dist-packages/battery_act'...
[5.549s] Compiling '/workspace/ros2_ws/install/battery_act/local/lib/python3.10/dist-packages/battery_act/__init__.py'...
[5.549s] Listing '/workspace/ros2_ws/install/battery_act/local/lib/python3.10/dist-packages/battery_act/action'...
[5.549s] Compiling '/workspace/ros2_ws/install/battery_act/local/lib/python3.10/dist-packages/battery_act/action/__init__.py'...
[5.549s] Compiling '/workspace/ros2_ws/install/battery_act/local/lib/python3.10/dist-packages/battery_act/action/_battery.py'...
[5.555s] -- Installing: /workspace/ros2_ws/install/battery_act/local/lib/python3.10/dist-packages/battery_act/battery_act_s__rosidl_typesupport_fastrtps_c.cpython-310-x86_64-linux-gnu.so
[5.555s] -- Set runtime path of "/workspace/ros2_ws/install/battery_act/local/lib/python3.10/dist-packages/battery_act/battery_act_s__rosidl_typesupport_fastrtps_c.cpython-310-x86_64-linux-gnu.so" to ""
[5.556s] -- Installing: /workspace/ros2_ws/install/battery_act/local/lib/python3.10/dist-packages/battery_act/battery_act_s__rosidl_typesupport_introspection_c.cpython-310-x86_64-linux-gnu.so
[5.557s] -- Set runtime path of "/workspace/ros2_ws/install/battery_act/local/lib/python3.10/dist-packages/battery_act/battery_act_s__rosidl_typesupport_introspection_c.cpython-310-x86_64-linux-gnu.so" to ""
[5.557s] -- Installing: /workspace/ros2_ws/install/battery_act/local/lib/python3.10/dist-packages/battery_act/battery_act_s__rosidl_typesupport_c.cpython-310-x86_64-linux-gnu.so
[5.558s] -- Set runtime path of "/workspace/ros2_ws/install/battery_act/local/lib/python3.10/dist-packages/battery_act/battery_act_s__rosidl_typesupport_c.cpython-310-x86_64-linux-gnu.so" to ""
[5.558s] -- Installing: /workspace/ros2_ws/install/battery_act/lib/libbattery_act__rosidl_generator_py.so
[5.559s] -- Set runtime path of "/workspace/ros2_ws/install/battery_act/lib/libbattery_act__rosidl_generator_py.so" to ""
[5.559s] -- Installing: /workspace/ros2_ws/install/battery_act/share/battery_act/action/Battery.idl
[5.560s] -- Installing: /workspace/ros2_ws/install/battery_act/share/battery_act/action/Battery.action
[5.560s] -- Installing: /workspace/ros2_ws/install/battery_act/share/ament_index/resource_index/package_run_dependencies/battery_act
[5.561s] -- Installing: /workspace/ros2_ws/install/battery_act/share/ament_index/resource_index/parent_prefix_path/battery_act
[5.561s] -- Installing: /workspace/ros2_ws/install/battery_act/share/battery_act/environment/ament_prefix_path.sh
[5.562s] -- Installing: /workspace/ros2_ws/install/battery_act/share/battery_act/environment/ament_prefix_path.dsv
[5.562s] -- Installing: /workspace/ros2_ws/install/battery_act/share/battery_act/environment/path.sh
[5.562s] -- Installing: /workspace/ros2_ws/install/battery_act/share/battery_act/environment/path.dsv
[5.563s] -- Installing: /workspace/ros2_ws/install/battery_act/share/battery_act/local_setup.bash
[5.563s] -- Installing: /workspace/ros2_ws/install/battery_act/share/battery_act/local_setup.sh
[5.564s] -- Installing: /workspace/ros2_ws/install/battery_act/share/battery_act/local_setup.zsh
[5.564s] -- Installing: /workspace/ros2_ws/install/battery_act/share/battery_act/local_setup.dsv
[5.564s] -- Installing: /workspace/ros2_ws/install/battery_act/share/battery_act/package.dsv
[5.565s] -- Installing: /workspace/ros2_ws/install/battery_act/share/ament_index/resource_index/packages/battery_act
[5.565s] -- Installing: /workspace/ros2_ws/install/battery_act/share/battery_act/cmake/export_battery_act__rosidl_generator_cExport.cmake
[5.566s] -- Installing: /workspace/ros2_ws/install/battery_act/share/battery_act/cmake/export_battery_act__rosidl_generator_cExport-noconfig.cmake
[5.566s] -- Installing: /workspace/ros2_ws/install/battery_act/share/battery_act/cmake/export_battery_act__rosidl_typesupport_fastrtps_cExport.cmake
[5.567s] -- Installing: /workspace/ros2_ws/install/battery_act/share/battery_act/cmake/export_battery_act__rosidl_typesupport_fastrtps_cExport-noconfig.cmake
[5.567s] -- Installing: /workspace/ros2_ws/install/battery_act/share/battery_act/cmake/battery_act__rosidl_typesupport_introspection_cExport.cmake
[5.568s] -- Installing: /workspace/ros2_ws/install/battery_act/share/battery_act/cmake/battery_act__rosidl_typesupport_introspection_cExport-noconfig.cmake
[5.568s] -- Installing: /workspace/ros2_ws/install/battery_act/share/battery_act/cmake/battery_act__rosidl_typesupport_cExport.cmake
[5.568s] -- Installing: /workspace/ros2_ws/install/battery_act/share/battery_act/cmake/battery_act__rosidl_typesupport_cExport-noconfig.cmake
[5.569s] -- Installing: /workspace/ros2_ws/install/battery_act/share/battery_act/cmake/export_battery_act__rosidl_generator_cppExport.cmake
[5.569s] -- Installing: /workspace/ros2_ws/install/battery_act/share/battery_act/cmake/export_battery_act__rosidl_typesupport_fastrtps_cppExport.cmake
[5.569s] -- Installing: /workspace/ros2_ws/install/battery_act/share/battery_act/cmake/export_battery_act__rosidl_typesupport_fastrtps_cppExport-noconfig.cmake
[5.569s] -- Installing: /workspace/ros2_ws/install/battery_act/share/battery_act/cmake/battery_act__rosidl_typesupport_introspection_cppExport.cmake
[5.569s] -- Installing: /workspace/ros2_ws/install/battery_act/share/battery_act/cmake/battery_act__rosidl_typesupport_introspection_cppExport-noconfig.cmake
[5.569s] -- Installing: /workspace/ros2_ws/install/battery_act/share/battery_act/cmake/battery_act__rosidl_typesupport_cppExport.cmake
[5.569s] -- Installing: /workspace/ros2_ws/install/battery_act/share/battery_act/cmake/battery_act__rosidl_typesupport_cppExport-noconfig.cmake
[5.569s] -- Installing: /workspace/ros2_ws/install/battery_act/share/battery_act/cmake/export_battery_act__rosidl_generator_pyExport.cmake
[5.570s] -- Installing: /workspace/ros2_ws/install/battery_act/share/battery_act/cmake/export_battery_act__rosidl_generator_pyExport-noconfig.cmake
[5.570s] -- Installing: /workspace/ros2_ws/install/battery_act/share/battery_act/cmake/rosidl_cmake-extras.cmake
[5.570s] -- Installing: /workspace/ros2_ws/install/battery_act/share/battery_act/cmake/ament_cmake_export_dependencies-extras.cmake
[5.570s] -- Installing: /workspace/ros2_ws/install/battery_act/share/battery_act/cmake/ament_cmake_export_include_directories-extras.cmake
[5.570s] -- Installing: /workspace/ros2_ws/install/battery_act/share/battery_act/cmake/ament_cmake_export_libraries-extras.cmake
[5.570s] -- Installing: /workspace/ros2_ws/install/battery_act/share/battery_act/cmake/ament_cmake_export_targets-extras.cmake
[5.570s] -- Installing: /workspace/ros2_ws/install/battery_act/share/battery_act/cmake/rosidl_cmake_export_typesupport_targets-extras.cmake
[5.570s] -- Installing: /workspace/ros2_ws/install/battery_act/share/battery_act/cmake/rosidl_cmake_export_typesupport_libraries-extras.cmake
[5.571s] -- Installing: /workspace/ros2_ws/install/battery_act/share/battery_act/cmake/battery_actConfig.cmake
[5.571s] -- Installing: /workspace/ros2_ws/install/battery_act/share/battery_act/cmake/battery_actConfig-version.cmake
[5.571s] -- Installing: /workspace/ros2_ws/install/battery_act/share/battery_act/package.xml
[5.574s] Invoked command in '/workspace/ros2_ws/build/battery_act' returned '0': CMAKE_PREFIX_PATH=${CMAKE_PREFIX_PATH}:/workspace/ros2_ws/install/pruebaPregunta2:/workspace/ros2_ws/install/service_temp:/opt/ros/humble /usr/bin/cmake --install /workspace/ros2_ws/build/battery_act
