[0.032s] Invoking command in '/workspace/ros2_ws/build/battery_act': CMAKE_PREFIX_PATH=${CMAKE_PREFIX_PATH}:/workspace/ros2_ws/install/pruebaPregunta2:/workspace/ros2_ws/install/service_temp:/opt/ros/humble /usr/bin/cmake --build /workspace/ros2_ws/build/battery_act -- -j16 -l16
[0.097s] [35m[1mConsolidate compiler generated dependencies of target battery_act__rosidl_generator_c[0m
[0.111s] [  3%] Built target battery_act__cpp
[0.116s] [ 12%] Built target battery_act__rosidl_generator_c
[0.130s] [ 12%] Built target ament_cmake_python_copy_battery_act
[0.131s] [35m[1mConsolidate compiler generated dependencies of target battery_act__rosidl_typesupport_cpp[0m
[0.131s] [35m[1mConsolidate compiler generated dependencies of target battery_act__rosidl_typesupport_fastrtps_cpp[0m
[0.134s] [35m[1mConsolidate compiler generated dependencies of target battery_act__rosidl_typesupport_introspection_cpp[0m
[0.134s] [35m[1mConsolidate compiler generated dependencies of target battery_act__rosidl_typesupport_c[0m
[0.135s] [35m[1mConsolidate compiler generated dependencies of target battery_act__rosidl_typesupport_introspection_c[0m
[0.136s] [35m[1mConsolidate compiler generated dependencies of target battery_act__rosidl_typesupport_fastrtps_c[0m
[0.154s] [ 22%] Built target battery_act__rosidl_typesupport_fastrtps_cpp
[0.154s] [ 32%] Built target battery_act__rosidl_typesupport_cpp
[0.157s] [ 41%] Built target battery_act__rosidl_typesupport_introspection_c
[0.157s] [ 54%] Built target battery_act__rosidl_typesupport_introspection_cpp
[0.157s] [ 61%] Built target battery_act__rosidl_typesupport_c
[0.160s] [ 70%] Built target battery_act__rosidl_typesupport_fastrtps_c
[0.192s] [ 70%] Built target battery_act
[0.224s] [ 74%] Built target battery_act__py
[0.238s] [35m[1mConsolidate compiler generated dependencies of target battery_act__rosidl_generator_py[0m
[0.259s] [ 80%] Built target battery_act__rosidl_generator_py
[0.273s] [35m[1mConsolidate compiler generated dependencies of target battery_act__rosidl_typesupport_c__pyext[0m
[0.276s] [35m[1mConsolidate compiler generated dependencies of target battery_act__rosidl_typesupport_introspection_c__pyext[0m
[0.276s] [35m[1mConsolidate compiler generated dependencies of target battery_act__rosidl_typesupport_fastrtps_c__pyext[0m
[0.297s] [ 87%] Built target battery_act__rosidl_typesupport_c__pyext
[0.298s] [ 93%] Built target battery_act__rosidl_typesupport_introspection_c__pyext
[0.304s] [100%] Built target battery_act__rosidl_typesupport_fastrtps_c__pyext
[0.466s] running egg_info
[0.467s] writing battery_act.egg-info/PKG-INFO
[0.468s] writing dependency_links to battery_act.egg-info/dependency_links.txt
[0.468s] writing top-level names to battery_act.egg-info/top_level.txt
[0.472s] reading manifest file 'battery_act.egg-info/SOURCES.txt'
[0.473s] writing manifest file 'battery_act.egg-info/SOURCES.txt'
[0.520s] [100%] Built target ament_cmake_python_build_battery_act_egg
[0.554s] Invoked command in '/workspace/ros2_ws/build/battery_act' returned '0': CMAKE_PREFIX_PATH=${CMAKE_PREFIX_PATH}:/workspace/ros2_ws/install/pruebaPregunta2:/workspace/ros2_ws/install/service_temp:/opt/ros/humble /usr/bin/cmake --build /workspace/ros2_ws/build/battery_act -- -j16 -l16
[0.556s] Invoking command in '/workspace/ros2_ws/build/battery_act': CMAKE_PREFIX_PATH=${CMAKE_PREFIX_PATH}:/workspace/ros2_ws/install/pruebaPregunta2:/workspace/ros2_ws/install/service_temp:/opt/ros/humble /usr/bin/cmake --install /workspace/ros2_ws/build/battery_act
[0.570s] -- Install configuration: ""
[0.571s] -- Up-to-date: /workspace/ros2_ws/install/battery_act/share/ament_index/resource_index/rosidl_interfaces/battery_act
[0.571s] -- Up-to-date: /workspace/ros2_ws/install/battery_act/include/battery_act/battery_act
[0.571s] -- Up-to-date: /workspace/ros2_ws/install/battery_act/include/battery_act/battery_act/msg
[0.572s] -- Up-to-date: /workspace/ros2_ws/install/battery_act/include/battery_act/battery_act/msg/rosidl_generator_c__visibility_control.h
[0.572s] -- Up-to-date: /workspace/ros2_ws/install/battery_act/include/battery_act/battery_act/action
[0.572s] -- Up-to-date: /workspace/ros2_ws/install/battery_act/include/battery_act/battery_act/action/battery.h
[0.572s] -- Up-to-date: /workspace/ros2_ws/install/battery_act/include/battery_act/battery_act/action/detail
[0.573s] -- Up-to-date: /workspace/ros2_ws/install/battery_act/include/battery_act/battery_act/action/detail/battery__functions.c
[0.573s] -- Up-to-date: /workspace/ros2_ws/install/battery_act/include/battery_act/battery_act/action/detail/battery__struct.h
[0.573s] -- Up-to-date: /workspace/ros2_ws/install/battery_act/include/battery_act/battery_act/action/detail/battery__type_support.h
[0.573s] -- Up-to-date: /workspace/ros2_ws/install/battery_act/include/battery_act/battery_act/action/detail/battery__functions.h
[0.574s] -- Up-to-date: /workspace/ros2_ws/install/battery_act/share/battery_act/environment/library_path.sh
[0.574s] -- Up-to-date: /workspace/ros2_ws/install/battery_act/share/battery_act/environment/library_path.dsv
[0.574s] -- Up-to-date: /workspace/ros2_ws/install/battery_act/lib/libbattery_act__rosidl_generator_c.so
[0.574s] -- Up-to-date: /workspace/ros2_ws/install/battery_act/include/battery_act/battery_act
[0.575s] -- Up-to-date: /workspace/ros2_ws/install/battery_act/include/battery_act/battery_act/msg
[0.575s] -- Up-to-date: /workspace/ros2_ws/install/battery_act/include/battery_act/battery_act/msg/rosidl_typesupport_fastrtps_c__visibility_control.h
[0.575s] -- Up-to-date: /workspace/ros2_ws/install/battery_act/include/battery_act/battery_act/action
[0.575s] -- Up-to-date: /workspace/ros2_ws/install/battery_act/include/battery_act/battery_act/action/detail
[0.575s] -- Up-to-date: /workspace/ros2_ws/install/battery_act/include/battery_act/battery_act/action/detail/battery__rosidl_typesupport_fastrtps_c.h
[0.576s] -- Up-to-date: /workspace/ros2_ws/install/battery_act/lib/libbattery_act__rosidl_typesupport_fastrtps_c.so
[0.576s] -- Up-to-date: /workspace/ros2_ws/install/battery_act/include/battery_act/battery_act
[0.576s] -- Up-to-date: /workspace/ros2_ws/install/battery_act/include/battery_act/battery_act/msg
[0.576s] -- Up-to-date: /workspace/ros2_ws/install/battery_act/include/battery_act/battery_act/msg/rosidl_typesupport_introspection_c__visibility_control.h
[0.576s] -- Up-to-date: /workspace/ros2_ws/install/battery_act/include/battery_act/battery_act/action
[0.576s] -- Up-to-date: /workspace/ros2_ws/install/battery_act/include/battery_act/battery_act/action/detail
[0.576s] -- Up-to-date: /workspace/ros2_ws/install/battery_act/include/battery_act/battery_act/action/detail/battery__type_support.c
[0.577s] -- Up-to-date: /workspace/ros2_ws/install/battery_act/include/battery_act/battery_act/action/detail/battery__rosidl_typesupport_introspection_c.h
[0.577s] -- Up-to-date: /workspace/ros2_ws/install/battery_act/lib/libbattery_act__rosidl_typesupport_introspection_c.so
[0.577s] -- Up-to-date: /workspace/ros2_ws/install/battery_act/lib/libbattery_act__rosidl_typesupport_c.so
[0.577s] -- Up-to-date: /workspace/ros2_ws/install/battery_act/include/battery_act/battery_act
[0.577s] -- Up-to-date: /workspace/ros2_ws/install/battery_act/include/battery_act/battery_act/msg
[0.577s] -- Up-to-date: /workspace/ros2_ws/install/battery_act/include/battery_act/battery_act/msg/rosidl_generator_cpp__visibility_control.hpp
[0.578s] -- Up-to-date: /workspace/ros2_ws/install/battery_act/include/battery_act/battery_act/action
[0.578s] -- Up-to-date: /workspace/ros2_ws/install/battery_act/include/battery_act/battery_act/action/battery.hpp
[0.578s] -- Up-to-date: /workspace/ros2_ws/install/battery_act/include/battery_act/battery_act/action/detail
[0.578s] -- Up-to-date: /workspace/ros2_ws/install/battery_act/include/battery_act/battery_act/action/detail/battery__traits.hpp
[0.578s] -- Up-to-date: /workspace/ros2_ws/install/battery_act/include/battery_act/battery_act/action/detail/battery__type_support.hpp
[0.578s] -- Up-to-date: /workspace/ros2_ws/install/battery_act/include/battery_act/battery_act/action/detail/battery__builder.hpp
[0.578s] -- Up-to-date: /workspace/ros2_ws/install/battery_act/include/battery_act/battery_act/action/detail/battery__struct.hpp
[0.579s] -- Up-to-date: /workspace/ros2_ws/install/battery_act/include/battery_act/battery_act
[0.579s] -- Up-to-date: /workspace/ros2_ws/install/battery_act/include/battery_act/battery_act/msg
[0.579s] -- Up-to-date: /workspace/ros2_ws/install/battery_act/include/battery_act/battery_act/msg/rosidl_typesupport_fastrtps_cpp__visibility_control.h
[0.579s] -- Up-to-date: /workspace/ros2_ws/install/battery_act/include/battery_act/battery_act/action
[0.579s] -- Up-to-date: /workspace/ros2_ws/install/battery_act/include/battery_act/battery_act/action/detail
[0.580s] -- Up-to-date: /workspace/ros2_ws/install/battery_act/include/battery_act/battery_act/action/detail/dds_fastrtps
[0.580s] -- Up-to-date: /workspace/ros2_ws/install/battery_act/include/battery_act/battery_act/action/detail/battery__rosidl_typesupport_fastrtps_cpp.hpp
[0.580s] -- Up-to-date: /workspace/ros2_ws/install/battery_act/lib/libbattery_act__rosidl_typesupport_fastrtps_cpp.so
[0.580s] -- Up-to-date: /workspace/ros2_ws/install/battery_act/include/battery_act/battery_act
[0.580s] -- Up-to-date: /workspace/ros2_ws/install/battery_act/include/battery_act/battery_act/action
[0.580s] -- Up-to-date: /workspace/ros2_ws/install/battery_act/include/battery_act/battery_act/action/detail
[0.581s] -- Up-to-date: /workspace/ros2_ws/install/battery_act/include/battery_act/battery_act/action/detail/battery__type_support.cpp
[0.581s] -- Up-to-date: /workspace/ros2_ws/install/battery_act/include/battery_act/battery_act/action/detail/battery__rosidl_typesupport_introspection_cpp.hpp
[0.581s] -- Up-to-date: /workspace/ros2_ws/install/battery_act/lib/libbattery_act__rosidl_typesupport_introspection_cpp.so
[0.581s] -- Up-to-date: /workspace/ros2_ws/install/battery_act/lib/libbattery_act__rosidl_typesupport_cpp.so
[0.581s] -- Up-to-date: /workspace/ros2_ws/install/battery_act/share/battery_act/environment/pythonpath.sh
[0.581s] -- Up-to-date: /workspace/ros2_ws/install/battery_act/share/battery_act/environment/pythonpath.dsv
[0.581s] -- Up-to-date: /workspace/ros2_ws/install/battery_act/local/lib/python3.10/dist-packages/battery_act-0.0.0-py3.10.egg-info
[0.582s] -- Installing: /workspace/ros2_ws/install/battery_act/local/lib/python3.10/dist-packages/battery_act-0.0.0-py3.10.egg-info/SOURCES.txt
[0.582s] -- Installing: /workspace/ros2_ws/install/battery_act/local/lib/python3.10/dist-packages/battery_act-0.0.0-py3.10.egg-info/dependency_links.txt
[0.582s] -- Installing: /workspace/ros2_ws/install/battery_act/local/lib/python3.10/dist-packages/battery_act-0.0.0-py3.10.egg-info/PKG-INFO
[0.582s] -- Installing: /workspace/ros2_ws/install/battery_act/local/lib/python3.10/dist-packages/battery_act-0.0.0-py3.10.egg-info/top_level.txt
[0.582s] -- Up-to-date: /workspace/ros2_ws/install/battery_act/local/lib/python3.10/dist-packages/battery_act
[0.582s] -- Up-to-date: /workspace/ros2_ws/install/battery_act/local/lib/python3.10/dist-packages/battery_act/battery_act_s__rosidl_typesupport_c.cpython-310-x86_64-linux-gnu.so
[0.583s] -- Up-to-date: /workspace/ros2_ws/install/battery_act/local/lib/python3.10/dist-packages/battery_act/_battery_act_s.ep.rosidl_typesupport_c.c
[0.583s] -- Up-to-date: /workspace/ros2_ws/install/battery_act/local/lib/python3.10/dist-packages/battery_act/libbattery_act__rosidl_generator_py.so
[0.583s] -- Up-to-date: /workspace/ros2_ws/install/battery_act/local/lib/python3.10/dist-packages/battery_act/action
[0.583s] -- Up-to-date: /workspace/ros2_ws/install/battery_act/local/lib/python3.10/dist-packages/battery_act/action/_battery_s.c
[0.583s] -- Up-to-date: /workspace/ros2_ws/install/battery_act/local/lib/python3.10/dist-packages/battery_act/action/_battery.py
[0.584s] -- Up-to-date: /workspace/ros2_ws/install/battery_act/local/lib/python3.10/dist-packages/battery_act/action/__init__.py
[0.584s] -- Up-to-date: /workspace/ros2_ws/install/battery_act/local/lib/python3.10/dist-packages/battery_act/__init__.py
[0.584s] -- Up-to-date: /workspace/ros2_ws/install/battery_act/local/lib/python3.10/dist-packages/battery_act/_battery_act_s.ep.rosidl_typesupport_fastrtps_c.c
[0.584s] -- Up-to-date: /workspace/ros2_ws/install/battery_act/local/lib/python3.10/dist-packages/battery_act/battery_act_s__rosidl_typesupport_fastrtps_c.cpython-310-x86_64-linux-gnu.so
[0.584s] -- Up-to-date: /workspace/ros2_ws/install/battery_act/local/lib/python3.10/dist-packages/battery_act/_battery_act_s.ep.rosidl_typesupport_introspection_c.c
[0.584s] -- Up-to-date: /workspace/ros2_ws/install/battery_act/local/lib/python3.10/dist-packages/battery_act/battery_act_s__rosidl_typesupport_introspection_c.cpython-310-x86_64-linux-gnu.so
[0.620s] Listing '/workspace/ros2_ws/install/battery_act/local/lib/python3.10/dist-packages/battery_act'...
[0.620s] Listing '/workspace/ros2_ws/install/battery_act/local/lib/python3.10/dist-packages/battery_act/action'...
[0.632s] -- Up-to-date: /workspace/ros2_ws/install/battery_act/local/lib/python3.10/dist-packages/battery_act/battery_act_s__rosidl_typesupport_fastrtps_c.cpython-310-x86_64-linux-gnu.so
[0.634s] -- Up-to-date: /workspace/ros2_ws/install/battery_act/local/lib/python3.10/dist-packages/battery_act/battery_act_s__rosidl_typesupport_introspection_c.cpython-310-x86_64-linux-gnu.so
[0.634s] -- Up-to-date: /workspace/ros2_ws/install/battery_act/local/lib/python3.10/dist-packages/battery_act/battery_act_s__rosidl_typesupport_c.cpython-310-x86_64-linux-gnu.so
[0.634s] -- Up-to-date: /workspace/ros2_ws/install/battery_act/lib/libbattery_act__rosidl_generator_py.so
[0.634s] -- Up-to-date: /workspace/ros2_ws/install/battery_act/share/battery_act/action/Battery.idl
[0.634s] -- Up-to-date: /workspace/ros2_ws/install/battery_act/share/battery_act/action/Battery.action
[0.635s] -- Up-to-date: /workspace/ros2_ws/install/battery_act/share/ament_index/resource_index/package_run_dependencies/battery_act
[0.635s] -- Up-to-date: /workspace/ros2_ws/install/battery_act/share/ament_index/resource_index/parent_prefix_path/battery_act
[0.636s] -- Up-to-date: /workspace/ros2_ws/install/battery_act/share/battery_act/environment/ament_prefix_path.sh
[0.636s] -- Up-to-date: /workspace/ros2_ws/install/battery_act/share/battery_act/environment/ament_prefix_path.dsv
[0.636s] -- Up-to-date: /workspace/ros2_ws/install/battery_act/share/battery_act/environment/path.sh
[0.636s] -- Up-to-date: /workspace/ros2_ws/install/battery_act/share/battery_act/environment/path.dsv
[0.636s] -- Up-to-date: /workspace/ros2_ws/install/battery_act/share/battery_act/local_setup.bash
[0.636s] -- Up-to-date: /workspace/ros2_ws/install/battery_act/share/battery_act/local_setup.sh
[0.636s] -- Up-to-date: /workspace/ros2_ws/install/battery_act/share/battery_act/local_setup.zsh
[0.636s] -- Up-to-date: /workspace/ros2_ws/install/battery_act/share/battery_act/local_setup.dsv
[0.637s] -- Installing: /workspace/ros2_ws/install/battery_act/share/battery_act/package.dsv
[0.637s] -- Up-to-date: /workspace/ros2_ws/install/battery_act/share/ament_index/resource_index/packages/battery_act
[0.637s] -- Up-to-date: /workspace/ros2_ws/install/battery_act/share/battery_act/cmake/export_battery_act__rosidl_generator_cExport.cmake
[0.637s] -- Up-to-date: /workspace/ros2_ws/install/battery_act/share/battery_act/cmake/export_battery_act__rosidl_generator_cExport-noconfig.cmake
[0.637s] -- Up-to-date: /workspace/ros2_ws/install/battery_act/share/battery_act/cmake/export_battery_act__rosidl_typesupport_fastrtps_cExport.cmake
[0.637s] -- Up-to-date: /workspace/ros2_ws/install/battery_act/share/battery_act/cmake/export_battery_act__rosidl_typesupport_fastrtps_cExport-noconfig.cmake
[0.637s] -- Up-to-date: /workspace/ros2_ws/install/battery_act/share/battery_act/cmake/battery_act__rosidl_typesupport_introspection_cExport.cmake
[0.637s] -- Up-to-date: /workspace/ros2_ws/install/battery_act/share/battery_act/cmake/battery_act__rosidl_typesupport_introspection_cExport-noconfig.cmake
[0.637s] -- Up-to-date: /workspace/ros2_ws/install/battery_act/share/battery_act/cmake/battery_act__rosidl_typesupport_cExport.cmake
[0.638s] -- Up-to-date: /workspace/ros2_ws/install/battery_act/share/battery_act/cmake/battery_act__rosidl_typesupport_cExport-noconfig.cmake
[0.638s] -- Up-to-date: /workspace/ros2_ws/install/battery_act/share/battery_act/cmake/export_battery_act__rosidl_generator_cppExport.cmake
[0.639s] -- Up-to-date: /workspace/ros2_ws/install/battery_act/share/battery_act/cmake/export_battery_act__rosidl_typesupport_fastrtps_cppExport.cmake
[0.639s] -- Up-to-date: /workspace/ros2_ws/install/battery_act/share/battery_act/cmake/export_battery_act__rosidl_typesupport_fastrtps_cppExport-noconfig.cmake
[0.639s] -- Up-to-date: /workspace/ros2_ws/install/battery_act/share/battery_act/cmake/battery_act__rosidl_typesupport_introspection_cppExport.cmake
[0.641s] -- Up-to-date: /workspace/ros2_ws/install/battery_act/share/battery_act/cmake/battery_act__rosidl_typesupport_introspection_cppExport-noconfig.cmake
[0.641s] -- Up-to-date: /workspace/ros2_ws/install/battery_act/share/battery_act/cmake/battery_act__rosidl_typesupport_cppExport.cmake
[0.641s] -- Up-to-date: /workspace/ros2_ws/install/battery_act/share/battery_act/cmake/battery_act__rosidl_typesupport_cppExport-noconfig.cmake
[0.641s] -- Up-to-date: /workspace/ros2_ws/install/battery_act/share/battery_act/cmake/export_battery_act__rosidl_generator_pyExport.cmake
[0.641s] -- Up-to-date: /workspace/ros2_ws/install/battery_act/share/battery_act/cmake/export_battery_act__rosidl_generator_pyExport-noconfig.cmake
[0.641s] -- Up-to-date: /workspace/ros2_ws/install/battery_act/share/battery_act/cmake/rosidl_cmake-extras.cmake
[0.641s] -- Up-to-date: /workspace/ros2_ws/install/battery_act/share/battery_act/cmake/ament_cmake_export_dependencies-extras.cmake
[0.641s] -- Up-to-date: /workspace/ros2_ws/install/battery_act/share/battery_act/cmake/ament_cmake_export_include_directories-extras.cmake
[0.641s] -- Up-to-date: /workspace/ros2_ws/install/battery_act/share/battery_act/cmake/ament_cmake_export_libraries-extras.cmake
[0.641s] -- Up-to-date: /workspace/ros2_ws/install/battery_act/share/battery_act/cmake/ament_cmake_export_targets-extras.cmake
[0.641s] -- Up-to-date: /workspace/ros2_ws/install/battery_act/share/battery_act/cmake/rosidl_cmake_export_typesupport_targets-extras.cmake
[0.641s] -- Up-to-date: /workspace/ros2_ws/install/battery_act/share/battery_act/cmake/rosidl_cmake_export_typesupport_libraries-extras.cmake
[0.641s] -- Up-to-date: /workspace/ros2_ws/install/battery_act/share/battery_act/cmake/battery_actConfig.cmake
[0.641s] -- Up-to-date: /workspace/ros2_ws/install/battery_act/share/battery_act/cmake/battery_actConfig-version.cmake
[0.641s] -- Up-to-date: /workspace/ros2_ws/install/battery_act/share/battery_act/package.xml
[0.641s] Invoked command in '/workspace/ros2_ws/build/battery_act' returned '0': CMAKE_PREFIX_PATH=${CMAKE_PREFIX_PATH}:/workspace/ros2_ws/install/pruebaPregunta2:/workspace/ros2_ws/install/service_temp:/opt/ros/humble /usr/bin/cmake --install /workspace/ros2_ws/build/battery_act
